================================================================
== Design Size Report
================================================================

* Total Instructions per Compilation Phase
+---------------+-----------------------------+--------------+----------------------------------------------------------------------------------------+
| Phase         | Step                        | Instructions | Description                                                                            |
+---------------+-----------------------------+--------------+----------------------------------------------------------------------------------------+
| Compile/Link  |                             | 319          | After all functions are compiled and linked into a single design                       |
|               |                             |              |                                                                                        |
| Unroll/Inline |                             |              | After user unroll and inline pragmas are applied                                       |
|               | (1) unroll                  | 204          | user unroll pragmas are applied                                                        |
|               | (2) simplification          | 152          | simplification of applied user unroll pragmas                                          |
|               | (3) inline                  | 151          | user inline pragmas are applied                                                        |
|               | (4) simplification          | 151          | simplification of applied user inline pragmas                                          |
|               |                             |              |                                                                                        |
| Array/Struct  |                             |              | After user array partition and struct aggregate/disaggregate pragmas are applied       |
|               | (1) array partition         | 177          | user array partition pragmas are applied                                               |
|               | (2) simplification          | 125          | simplification of applied user array partition & struct aggregate/disaggregate pragmas |
|               | (3) aggregate/disaggregate  | 125          | user struct aggregate/disaggregate pragmas are applied                                 |
|               | (4) array reshape           | 125          | apply array reshape pragmas                                                            |
|               | (5) access patterns         | 129          | array access pattern optmizations                                                      |
|               |                             |              |                                                                                        |
| Performance   |                             |              | After transformations are applied to meet performance pragma targets                   |
|               | (1) loop simplification     | 150          | loop and instruction simplification                                                    |
|               | (2) parallelization         | 108          | loops are unrolled or pipelined to meet performance targets                            |
|               | (3) array partition         | 108          | arrays are partitioned to meet performance targets                                     |
|               | (4) simplification          | 108          | simplification of design after performance transformations                             |
|               |                             |              |                                                                                        |
| HW Transforms |                             |              | After hardware transfomations                                                          |
|               | (1) lowering                | 111          | initial conversion to HW specific instructions                                         |
|               | (2) optimizations           | 114          | high level synthesis optimizations                                                     |
+---------------+-----------------------------+--------------+----------------------------------------------------------------------------------------+

* Instructions per Function for each Compilation Phase
+------------------+----------------+--------------+---------------+--------------+-------------+---------------+
| Function         | Location       | Compile/Link | Unroll/Inline | Array/Struct | Performance | HW Transforms |
+------------------+----------------+--------------+---------------+--------------+-------------+---------------+
| + image_pooling  | pooling.cpp:47 | 319          | 151           | 129          | 108         | 114           |
|    shift_linebuf | pooling.cpp:7  |  14          |               |              |             |               |
|    fill_window   | pooling.cpp:13 |  31          |               |              |             |               |
|  + pooling_2x2   | pooling.cpp:35 | 175          |  63           |  27          |  19         |  21           |
|     calc_max     | pooling.cpp:21 |  84          |               |              |             |               |
|     calc_min     | pooling.cpp:28 |  84          |               |              |             |               |
+------------------+----------------+--------------+---------------+--------------+-------------+---------------+

* Design Size Message Settings
+---------------------------------------------+--------+------------------------------------------------------------------+
| Message Setting                             | Value  | Description                                                      |
+---------------------------------------------+--------+------------------------------------------------------------------+
| config_compile -design_size_maximum_warning | 100000 | Show a warning when total design instructions exceeds this value |
+---------------------------------------------+--------+------------------------------------------------------------------+


