

================================================================
== Vitis HLS Report for 'pooling_2x2_Block_entry_split_proc'
================================================================
* Date:           Wed May 14 11:16:38 2025

* Version:        2024.1 (Build 5069499 on May 21 2024)
* Project:        pynq_pooling
* Solution:       solution1 (Vivado IP Flow Target)
* Product family: zynq
* Target device:  xc7z020-clg400-1


================================================================
== Performance Estimates
================================================================
+ Timing: 
    * Summary: 
    +--------+---------+----------+------------+
    |  Clock |  Target | Estimated| Uncertainty|
    +--------+---------+----------+------------+
    |ap_clk  |  8.00 ns|  3.163 ns|     2.16 ns|
    +--------+---------+----------+------------+

+ Latency: 
    * Summary: 
    +---------+---------+----------+----------+-----+-----+---------+
    |  Latency (cycles) |  Latency (absolute) |  Interval | Pipeline|
    |   min   |   max   |    min   |    max   | min | max |   Type  |
    +---------+---------+----------+----------+-----+-----+---------+
    |        1|        1|  8.000 ns|  8.000 ns|    1|    1|       no|
    +---------+---------+----------+----------+-----+-----+---------+

    + Detail: 
        * Instance: 
        N/A

        * Loop: 
        N/A



================================================================
== Utilization Estimates
================================================================
* Summary: 
+-----------------+---------+-----+--------+-------+-----+
|       Name      | BRAM_18K| DSP |   FF   |  LUT  | URAM|
+-----------------+---------+-----+--------+-------+-----+
|DSP              |        -|    -|       -|      -|    -|
|Expression       |        -|    -|       0|    148|    -|
|FIFO             |        -|    -|       -|      -|    -|
|Instance         |        -|    -|       -|      -|    -|
|Memory           |        -|    -|       -|      -|    -|
|Multiplexer      |        -|    -|       0|     41|    -|
|Register         |        -|    -|      51|      -|    -|
+-----------------+---------+-----+--------+-------+-----+
|Total            |        0|    0|      51|    189|    0|
+-----------------+---------+-----+--------+-------+-----+
|Available        |      280|  220|  106400|  53200|    0|
+-----------------+---------+-----+--------+-------+-----+
|Utilization (%)  |        0|    0|      ~0|     ~0|    0|
+-----------------+---------+-----+--------+-------+-----+

+ Detail: 
    * Instance: 
    N/A

    * DSP: 
    N/A

    * Memory: 
    N/A

    * FIFO: 
    N/A

    * Expression: 
    +-----------------------+----------+----+---+----+------------+------------+
    |     Variable Name     | Operation| DSP| FF| LUT| Bitwidth P0| Bitwidth P1|
    +-----------------------+----------+----+---+----+------------+------------+
    |icmp_ln23_fu_56_p2     |      icmp|   0|  0|  15|           8|           8|
    |icmp_ln24_fu_76_p2     |      icmp|   0|  0|  15|           8|           8|
    |icmp_ln25_fu_136_p2    |      icmp|   0|  0|  15|           8|           8|
    |icmp_ln30_fu_96_p2     |      icmp|   0|  0|  15|           8|           8|
    |icmp_ln31_fu_116_p2    |      icmp|   0|  0|  15|           8|           8|
    |icmp_ln32_fu_147_p2    |      icmp|   0|  0|  15|           8|           8|
    |ap_block_state1        |        or|   0|  0|   2|           1|           1|
    |max1_fu_68_p3          |    select|   0|  0|   8|           1|           8|
    |max2_fu_88_p3          |    select|   0|  0|   8|           1|           8|
    |min1_fu_108_p3         |    select|   0|  0|   8|           1|           8|
    |min2_fu_128_p3         |    select|   0|  0|   8|           1|           8|
    |select_ln25_fu_140_p3  |    select|   0|  0|   8|           1|           8|
    |select_ln32_fu_151_p3  |    select|   0|  0|   8|           1|           8|
    |xor_ln23_fu_62_p2      |       xor|   0|  0|   2|           1|           2|
    |xor_ln24_fu_82_p2      |       xor|   0|  0|   2|           1|           2|
    |xor_ln30_fu_102_p2     |       xor|   0|  0|   2|           1|           2|
    |xor_ln31_fu_122_p2     |       xor|   0|  0|   2|           1|           2|
    +-----------------------+----------+----+---+----+------------+------------+
    |Total                  |          |   0|  0| 148|          59|         105|
    +-----------------------+----------+----+---+----+------------+------------+

    * Multiplexer: 
    +-----------+----+-----------+-----+-----------+
    |    Name   | LUT| Input Size| Bits| Total Bits|
    +-----------+----+-----------+-----+-----------+
    |ap_NS_fsm  |  14|          3|    1|          3|
    |ap_done    |   9|          2|    1|          2|
    |max_val    |   9|          2|    8|         16|
    |min_val    |   9|          2|    8|         16|
    +-----------+----+-----------+-----+-----------+
    |Total      |  41|          9|   18|         37|
    +-----------+----+-----------+-----+-----------+

    * Register: 
    +--------------+---+----+-----+-----------+
    |     Name     | FF| LUT| Bits| Const Bits|
    +--------------+---+----+-----+-----------+
    |ap_CS_fsm     |  2|   0|    2|          0|
    |ap_done_reg   |  1|   0|    1|          0|
    |max1_reg_158  |  8|   0|    8|          0|
    |max2_reg_164  |  8|   0|    8|          0|
    |max_val_preg  |  8|   0|    8|          0|
    |min1_reg_170  |  8|   0|    8|          0|
    |min2_reg_176  |  8|   0|    8|          0|
    |min_val_preg  |  8|   0|    8|          0|
    +--------------+---+----+-----+-----------+
    |Total         | 51|   0|   51|          0|
    +--------------+---+----+-----+-----------+



================================================================
== Interface
================================================================
* Summary: 
+------------------------+-----+-----+------------+------------------------------------+--------------+
|        RTL Ports       | Dir | Bits|  Protocol  |            Source Object           |    C Type    |
+------------------------+-----+-----+------------+------------------------------------+--------------+
|ap_clk                  |   in|    1|  ap_ctrl_hs|  pooling_2x2_Block_entry.split_proc|  return value|
|ap_rst                  |   in|    1|  ap_ctrl_hs|  pooling_2x2_Block_entry.split_proc|  return value|
|ap_start                |   in|    1|  ap_ctrl_hs|  pooling_2x2_Block_entry.split_proc|  return value|
|ap_done                 |  out|    1|  ap_ctrl_hs|  pooling_2x2_Block_entry.split_proc|  return value|
|ap_continue             |   in|    1|  ap_ctrl_hs|  pooling_2x2_Block_entry.split_proc|  return value|
|ap_idle                 |  out|    1|  ap_ctrl_hs|  pooling_2x2_Block_entry.split_proc|  return value|
|ap_ready                |  out|    1|  ap_ctrl_hs|  pooling_2x2_Block_entry.split_proc|  return value|
|window_0_0_0_0_0_0_val  |   in|    8|     ap_none|              window_0_0_0_0_0_0_val|        scalar|
|window_0_1_0_0_0_0_val  |   in|    8|     ap_none|              window_0_1_0_0_0_0_val|        scalar|
|window_1_0_0_0_0_0_val  |   in|    8|     ap_none|              window_1_0_0_0_0_0_val|        scalar|
|window_1_1_0_0_0_0_val  |   in|    8|     ap_none|              window_1_1_0_0_0_0_val|        scalar|
|max_val                 |  out|    8|      ap_vld|                             max_val|       pointer|
|max_val_ap_vld          |  out|    1|      ap_vld|                             max_val|       pointer|
|min_val                 |  out|    8|      ap_vld|                             min_val|       pointer|
|min_val_ap_vld          |  out|    1|      ap_vld|                             min_val|       pointer|
+------------------------+-----+-----+------------+------------------------------------+--------------+

