C:\DevWorks\HAC\pynq_2DConvolution\solution1\.autopilot\db\conv2d_edge.pp.0.cpp:1315:7: warning: Added loop label VITIS_LOOP_1223_1:   [xilinx-label-all-loops]
      for (i = 0; i < __N - 1; ++i) {
      ^~~
      VITIS_LOOP_1223_1: 
C:\DevWorks\HAC\pynq_2DConvolution\solution1\.autopilot\db\conv2d_edge.pp.0.cpp:1315:7: note: FIX-IT applied suggested code changes
C:\DevWorks\HAC\pynq_2DConvolution\solution1\.autopilot\db\conv2d_edge.pp.0.cpp:2289:5: warning: Added loop label VITIS_LOOP_676_1:   [xilinx-label-all-loops]
    for (unsigned i = low; i != high; ++i) {
    ^~~
    VITIS_LOOP_676_1: 
C:\DevWorks\HAC\pynq_2DConvolution\solution1\.autopilot\db\conv2d_edge.pp.0.cpp:2289:5: note: FIX-IT applied suggested code changes
C:\DevWorks\HAC\pynq_2DConvolution\solution1\.autopilot\db\conv2d_edge.pp.0.cpp:2303:5: warning: Added loop label VITIS_LOOP_690_1:   [xilinx-label-all-loops]
    for (unsigned i = low; i != high; ++i) {
    ^~~
    VITIS_LOOP_690_1: 
C:\DevWorks\HAC\pynq_2DConvolution\solution1\.autopilot\db\conv2d_edge.pp.0.cpp:2303:5: note: FIX-IT applied suggested code changes
C:\DevWorks\HAC\pynq_2DConvolution\solution1\.autopilot\db\conv2d_edge.pp.0.cpp:2317:5: warning: Added loop label VITIS_LOOP_704_1:   [xilinx-label-all-loops]
    for (unsigned i = low; i != high; ++i) {
    ^~~
    VITIS_LOOP_704_1: 
C:\DevWorks\HAC\pynq_2DConvolution\solution1\.autopilot\db\conv2d_edge.pp.0.cpp:2317:5: note: FIX-IT applied suggested code changes
C:\DevWorks\HAC\pynq_2DConvolution\solution1\.autopilot\db\conv2d_edge.pp.0.cpp:3946:7: warning: Added loop label VITIS_LOOP_1247_1:   [xilinx-label-all-loops]
      for (i = 0; i < __N - 1; ++i) {
      ^~~
      VITIS_LOOP_1247_1: 
C:\DevWorks\HAC\pynq_2DConvolution\solution1\.autopilot\db\conv2d_edge.pp.0.cpp:3946:7: note: FIX-IT applied suggested code changes
C:\DevWorks\HAC\pynq_2DConvolution\solution1\.autopilot\db\conv2d_edge.pp.0.cpp:5896:2: warning: Added loop label VITIS_LOOP_32_1:   [xilinx-label-all-loops]
 for (int row = 0; row < 256; row++) {
 ^~~
 VITIS_LOOP_32_1: 
C:\DevWorks\HAC\pynq_2DConvolution\solution1\.autopilot\db\conv2d_edge.pp.0.cpp:5896:2: note: FIX-IT applied suggested code changes
C:\DevWorks\HAC\pynq_2DConvolution\solution1\.autopilot\db\conv2d_edge.pp.0.cpp:5897:9: warning: Added loop label VITIS_LOOP_33_2:   [xilinx-label-all-loops]
        for (int col = 0; col < 256; col++) {
        ^~~
        VITIS_LOOP_33_2: 
C:\DevWorks\HAC\pynq_2DConvolution\solution1\.autopilot\db\conv2d_edge.pp.0.cpp:5897:9: note: FIX-IT applied suggested code changes
C:\DevWorks\HAC\pynq_2DConvolution\solution1\.autopilot\db\conv2d_edge.pp.0.cpp:5908:17: warning: Added loop label VITIS_LOOP_44_3:   [xilinx-label-all-loops]
                for (int i = 0; i < 3; i++) {
                ^~~
                VITIS_LOOP_44_3: 
C:\DevWorks\HAC\pynq_2DConvolution\solution1\.autopilot\db\conv2d_edge.pp.0.cpp:5908:17: note: FIX-IT applied suggested code changes
C:\DevWorks\HAC\pynq_2DConvolution\solution1\.autopilot\db\conv2d_edge.pp.0.cpp:5910:2: warning: Added loop label VITIS_LOOP_46_4:   [xilinx-label-all-loops]
 for (int j = 0; j < 3; j++) {
 ^~~
 VITIS_LOOP_46_4: 
C:\DevWorks\HAC\pynq_2DConvolution\solution1\.autopilot\db\conv2d_edge.pp.0.cpp:5910:2: note: FIX-IT applied suggested code changes
C:\DevWorks\HAC\pynq_2DConvolution\solution1\.autopilot\db\conv2d_edge.pp.0.cpp:5917:17: warning: Added loop label VITIS_LOOP_53_5:   [xilinx-label-all-loops]
                for (int i = 0; i < 3; i++) {
                ^~~
                VITIS_LOOP_53_5: 
C:\DevWorks\HAC\pynq_2DConvolution\solution1\.autopilot\db\conv2d_edge.pp.0.cpp:5917:17: note: FIX-IT applied suggested code changes
C:\DevWorks\HAC\pynq_2DConvolution\solution1\.autopilot\db\conv2d_edge.pp.0.cpp:5919:2: warning: Added loop label VITIS_LOOP_55_6:   [xilinx-label-all-loops]
 for (int j = 0; j < 3; j++) {
 ^~~
 VITIS_LOOP_55_6: 
C:\DevWorks\HAC\pynq_2DConvolution\solution1\.autopilot\db\conv2d_edge.pp.0.cpp:5919:2: note: FIX-IT applied suggested code changes
