INFO-FLOW: Workspace C:/DevWorks/HAC/pynq_2DConvolution/solution1 opened at Mon May 12 13:59:27 +0200 2025
Execute     ap_set_clock -name default -period 8 -unit ns -default=false 
INFO: [SYN 201-201] Setting up clock 'default' with a period of 8ns.
Execute     set_part xc7z020-clg400-1 
Execute       create_platform xc7z020-clg400-1 -board  
DBG:HLSDevice: Trying to load device library: C:/Xilinx/Vitis_HLS/2024.1\lib\win64.o\xv_hlsvwrap.dll
DBG:HLSDevice: first parts/arch.xml in RDI_DATADIR: C:/Xilinx/Vivado/2024.1/data/parts/arch.xml
DBG:HLSDevice: init success
INFO: [HLS 200-1611] Setting target device to 'xc7z020-clg400-1'
Command       create_platform done; 0.627 sec.
Execute       source C:/Xilinx/Vitis_HLS/2024.1/common/technology/xilinx/common/xilinx.gen 
Execute         source C:/Xilinx/Vitis_HLS/2024.1/common/technology/xilinx/interface/plb46.gen 
Execute         source C:/Xilinx/Vitis_HLS/2024.1/common/technology/xilinx/interface/axi4.gen 
Execute         source C:/Xilinx/Vitis_HLS/2024.1/common/technology/xilinx/interface/nativeAXI4.gen 
Execute           source C:/Xilinx/Vitis_HLS/2024.1/common/technology/xilinx/interface/saxilite.gen 
Execute         source C:/Xilinx/Vitis_HLS/2024.1/common/technology/xilinx/scripts/xilinxcoregen.gen 
Execute         source C:/Xilinx/Vitis_HLS/2024.1/common/technology/xilinx/interface/XilEDKCoreGen.gen 
Execute         source C:/Xilinx/Vitis_HLS/2024.1/common/technology/xilinx/ip/dds_compiler.gen 
Execute         source C:/Xilinx/Vitis_HLS/2024.1/common/technology/xilinx/ip/util.gen 
Execute         source C:/Xilinx/Vitis_HLS/2024.1/common/technology/xilinx/ip/xfft.gen 
Execute         source C:/Xilinx/Vitis_HLS/2024.1/common/technology/xilinx/ip/xfir.gen 
Execute         source C:/Xilinx/Vitis_HLS/2024.1/common/technology/xilinx/DSP48/dsp48.gen 
Command       ap_source done; 0.115 sec.
Execute       ap_part_info -name xc7z020-clg400-1 -data info 
Execute       config_compile -quiet -complex-mul-dsp=0 
Command     set_part done; 0.755 sec.
Execute     send_msg_by_id INFO @200-1505@%s%s  vivado 
INFO: [HLS 200-1505] Using flow_target 'vivado'
Execute     send_msg_by_id INFO @200-1464@%s config_export -display_name=convolution2d_edge 
INFO: [HLS 200-1464] Running solution command: config_export -display_name=convolution2d_edge
Execute     config_export -display_name=convolution2d_edge 
Execute     send_msg_by_id INFO @200-1464@%s config_export -format=ip_catalog 
INFO: [HLS 200-1464] Running solution command: config_export -format=ip_catalog
Execute     config_export -format=ip_catalog 
Execute     send_msg_by_id INFO @200-1464@%s config_export -output=C:/DevWorks/HAC/pynq_2DConvolution/ip_repo 
INFO: [HLS 200-1464] Running solution command: config_export -output=C:/DevWorks/HAC/pynq_2DConvolution/ip_repo
Execute     config_export -output=C:/DevWorks/HAC/pynq_2DConvolution/ip_repo 
Execute     send_msg_by_id INFO @200-1464@%s config_export -rtl=verilog 
INFO: [HLS 200-1464] Running solution command: config_export -rtl=verilog
Execute     config_export -rtl=verilog 
Command   open_solution done; 0.786 sec.
Execute   set_part xc7z020clg400-1 
INFO: [HLS 200-1510] Running: set_part xc7z020clg400-1 
Execute     create_platform xc7z020clg400-1 -board  
Command     create_platform done; 0.213 sec.
Execute     source C:/Xilinx/Vitis_HLS/2024.1/common/technology/xilinx/common/xilinx.gen 
Execute       source C:/Xilinx/Vitis_HLS/2024.1/common/technology/xilinx/interface/plb46.gen 
Execute       source C:/Xilinx/Vitis_HLS/2024.1/common/technology/xilinx/interface/axi4.gen 
Execute       source C:/Xilinx/Vitis_HLS/2024.1/common/technology/xilinx/interface/nativeAXI4.gen 
Execute         source C:/Xilinx/Vitis_HLS/2024.1/common/technology/xilinx/interface/saxilite.gen 
Execute       source C:/Xilinx/Vitis_HLS/2024.1/common/technology/xilinx/scripts/xilinxcoregen.gen 
Execute       source C:/Xilinx/Vitis_HLS/2024.1/common/technology/xilinx/interface/XilEDKCoreGen.gen 
Execute       source C:/Xilinx/Vitis_HLS/2024.1/common/technology/xilinx/ip/dds_compiler.gen 
Execute       source C:/Xilinx/Vitis_HLS/2024.1/common/technology/xilinx/ip/util.gen 
Execute       source C:/Xilinx/Vitis_HLS/2024.1/common/technology/xilinx/ip/xfft.gen 
Execute       source C:/Xilinx/Vitis_HLS/2024.1/common/technology/xilinx/ip/xfir.gen 
Execute       source C:/Xilinx/Vitis_HLS/2024.1/common/technology/xilinx/DSP48/dsp48.gen 
Execute     ap_part_info -name xc7z020-clg400-1 -data info 
Execute     config_compile -quiet -complex-mul-dsp=0 
Command   set_part done; 0.293 sec.
Execute   create_clock -period 8 -name default 
INFO: [HLS 200-1510] Running: create_clock -period 8 -name default 
Execute   config_export -display_name convolution2d_edge -format ip_catalog -output C:/DevWorks/HAC/pynq_2DConvolution/ip_repo -rtl verilog 
INFO: [HLS 200-1510] Running: config_export -display_name convolution2d_edge -format ip_catalog -output C:/DevWorks/HAC/pynq_2DConvolution/ip_repo -rtl verilog 
Execute   source ./pynq_2DConvolution/solution1/directives.tcl 
INFO: [HLS 200-1510] Running: source ./pynq_2DConvolution/solution1/directives.tcl
Execute     set_directive_top -name conv2d_edge conv2d_edge 
INFO: [HLS 200-1510] Running: set_directive_top -name conv2d_edge conv2d_edge 
WARNING: [HLS 200-484] The 'set_directive_top -name' command is deprecated and will be removed in a future release.
WARNING: [HLS 200-484] The 'set_directive_top -location' command is deprecated and will be removed in a future release.
Execute   csynth_design 
INFO: [HLS 200-1510] Running: csynth_design 
INFO-FLOW: Running SLX 'csynth' proc: ::SLX::run_csynth
Execute     elaborate -effort=medium -skip_syncheck=0 -keep_printf=0 -skip_cdt=0 -skip_transform=0 -ng=0 -g=0 -opt_fp=0 -from_csynth_design=1 
WARNING: [HLS 200-40] Skipped source file 'test1.PNG'. Source files must have extensions .c, .C, .cc, .cpp, .c++, .cp, or .cxx.
INFO: [HLS 200-111] Finished File checks and directory preparation: CPU user time: 0 seconds. CPU system time: 0 seconds. Elapsed time: 0.125 seconds; current allocated memory: 177.477 MB.
Execute       set_directive_top conv2d_edge -name=conv2d_edge 
Execute       source C:/Xilinx/Vitis_HLS/2024.1/tps/tcl/tcllib1.11.1/yaml/huddle.tcl 
Execute       source C:/Xilinx/Vitis_HLS/2024.1/tps/tcl/tcllib1.11.1/yaml/json2huddle.tcl 
Execute         source C:/Xilinx/Vitis_HLS/2024.1/tps/tcl/tcllib1.11.1/try/try.tcl 
INFO: [HLS 200-10] Analyzing design file 'pynq_2DConvolution/source/conv2d_edge.cpp' ... 
INFO-FLOW: Compiling one TU...
INFO-FLOW: Handling pynq_2DConvolution/source/conv2d_edge.cpp as C++
Execute       ap_part_info -name xc7z020-clg400-1 -data info 
INFO-FLOW: Running: GCC PP 39
INFO-FLOW: Source preprocessing
INFO-FLOW: run_clang exec: C:/Xilinx/Vitis_HLS/2024.1/win64/tools/clang-3.9-csynth/bin/clang pynq_2DConvolution/source/conv2d_edge.cpp -foptimization-record-file=C:/DevWorks/HAC/pynq_2DConvolution/solution1/.autopilot/db/conv2d_edge.cpp.clang.diag.yml -mllvm -pass-remarks-missed=reflow|pasta|unroll -mllvm -pass-remarks=reflow|pasta|unroll|inline -fno-limit-debug-info --sysroot C:/Xilinx/Vitis_HLS/2024.1/tps/mingw/8.3.0/win64.o/nt -fhls -fno-exceptions -insert-hls-directive=C:/DevWorks/HAC/pynq_2DConvolution/solution1/.autopilot/db/all.directive.json -E -fno-math-errno -c -emit-llvm -mllvm -disable-llvm-optzns -Werror=implicit-function-declaration -Werror=implicit-hls-streams -Werror=return-type -Wpragmas -Wunused-parameter -Wdump-hls-pragmas -Wno-error=dump-hls-pragmas -hls-clock-period=8 -fno-threadsafe-statics -fno-use-cxa-atexit -std=gnu++14 -target fpga64-xilinx-mingw32 -fno-threadsafe-statics -fno-use-cxa-atexit -D__VITIS_HLS__ -DAESL_SYN -D__SYNTHESIS__ -D__HLS_SYN__ -I C:/Xilinx/Vitis_HLS/2024.1/common/technology/autopilot -I C:/Xilinx/Vitis_HLS/2024.1/common/technology/autopilot/ap_sysc -include etc/autopilot_ssdm_op.h -D__DSP48E1__ -I /usr/include/x86_64-linux-gnu -o C:/DevWorks/HAC/pynq_2DConvolution/solution1/.autopilot/db/conv2d_edge.pp.0.cpp {-hls-platform-db-name=C:/Xilinx/Vitis_HLS/2024.1\common/technology\xilinx/common/platform.db} -hls-platform-name=zynq_slow -device-resource-info=BRAM_280.000000_DSP_220.000000_FF_106400.000000_LUT_53200.000000_SLICE_13300.000000_URAM_0.000000 -device-name-info=xc7z020clg400-1 > C:/DevWorks/HAC/pynq_2DConvolution/solution1/.autopilot/db/conv2d_edge.cpp.clang.out.log 2> C:/DevWorks/HAC/pynq_2DConvolution/solution1/.autopilot/db/conv2d_edge.cpp.clang.err.log
INFO-FLOW: Done: GCC PP 39 time: 0.7 seconds per iteration
INFO-FLOW: Source syntax check for synthesis
INFO-FLOW: run_clang exec: C:/Xilinx/Vitis_HLS/2024.1/win64/tools/clang-3.9-csynth/bin/clang -foptimization-record-file=C:/DevWorks/HAC/pynq_2DConvolution/solution1/.autopilot/db/clang.diag.yml -mllvm -pass-remarks-missed=reflow|pasta|unroll -mllvm -pass-remarks=reflow|pasta|unroll|inline -fsyntax-only -fhls -target fpga64-xilinx-linux-gnu C:/DevWorks/HAC/pynq_2DConvolution/solution1/.autopilot/db/conv2d_edge.pp.0.cpp {-hls-platform-db-name=C:/Xilinx/Vitis_HLS/2024.1\common/technology\xilinx/common/platform.db} -hls-platform-name=zynq_slow -device-resource-info=BRAM_280.000000_DSP_220.000000_FF_106400.000000_LUT_53200.000000_SLICE_13300.000000_URAM_0.000000 -device-name-info=xc7z020clg400-1 > C:/DevWorks/HAC/pynq_2DConvolution/solution1/.autopilot/db/clang.out.log 2> C:/DevWorks/HAC/pynq_2DConvolution/solution1/.autopilot/db/clang.err.log
Execute       clang_tidy xilinx-systemc-detector -desc systemc-detector C:/DevWorks/HAC/pynq_2DConvolution/solution1/.autopilot/db/conv2d_edge.pp.0.cpp std=gnu++14 -target fpga  -directive=C:/DevWorks/HAC/pynq_2DConvolution/solution1/.autopilot/db/.systemc_flag 
INFO-FLOW: exec C:/Xilinx/Vitis_HLS/2024.1/win64/tools/clang-3.9-csynth/bin/clang-tidy -header-filter=.* --checks=-*,xilinx-systemc-detector -import-directive=C:/DevWorks/HAC/pynq_2DConvolution/solution1/.autopilot/db/.systemc_flag -fix-errors C:/DevWorks/HAC/pynq_2DConvolution/solution1/.autopilot/db/conv2d_edge.pp.0.cpp -- -std=gnu++14 -target fpga -fhls -ferror-limit=0
Command       clang_tidy done; 0.599 sec.
INFO-FLOW: Running: clang-tidy CDT preprocess 39
Execute       clang_tidy xilinx-directive2pragma -desc directive2pragma C:/DevWorks/HAC/pynq_2DConvolution/solution1/.autopilot/db/conv2d_edge.pp.0.cpp std=gnu++14 -target fpga  -directive=C:/DevWorks/HAC/pynq_2DConvolution/solution1/.autopilot/db/all.directive.json 
INFO-FLOW: exec C:/Xilinx/Vitis_HLS/2024.1/win64/tools/clang-3.9-csynth/bin/clang-tidy -header-filter=.* --checks=-*,xilinx-directive2pragma -import-directive=C:/DevWorks/HAC/pynq_2DConvolution/solution1/.autopilot/db/all.directive.json -fix-errors C:/DevWorks/HAC/pynq_2DConvolution/solution1/.autopilot/db/conv2d_edge.pp.0.cpp -- -std=gnu++14 -target fpga -fhls -ferror-limit=0
Command       clang_tidy done; 0.878 sec.
INFO-FLOW: Done: clang-tidy CDT preprocess 39 time: 0.9 seconds per iteration
INFO-FLOW: Calling xilinx-label-all-loops ... 
INFO-FLOW: Calling xilinx-aggregate-on-hls-vector ... 
Execute       clang_tidy -errorcheck -desc loop-label xilinx-label-all-loops,xilinx-aggregate-on-hls-vector,,xilinx-warn-mayneed-no-ctor-attribute C:/DevWorks/HAC/pynq_2DConvolution/solution1/.autopilot/db/conv2d_edge.pp.0.cpp std=gnu++14 -target fpga  
INFO-FLOW: run_clang exec: C:/Xilinx/Vitis_HLS/2024.1/win64/tools/clang-3.9-csynth/bin/clang-tidy -export-fixes=C:/DevWorks/HAC/pynq_2DConvolution/solution1/.autopilot/db/conv2d_edge.pp.0.cpp.clang-tidy.loop-label.diag.yml -header-filter=.* --checks=-*,xilinx-label-all-loops,xilinx-aggregate-on-hls-vector,,xilinx-warn-mayneed-no-ctor-attribute -fix-errors C:/DevWorks/HAC/pynq_2DConvolution/solution1/.autopilot/db/conv2d_edge.pp.0.cpp -- -std=gnu++14 -target fpga -fhls -ferror-limit=0 > C:/DevWorks/HAC/pynq_2DConvolution/solution1/.autopilot/db/conv2d_edge.pp.0.cpp.clang-tidy.loop-label.out.log 2> C:/DevWorks/HAC/pynq_2DConvolution/solution1/.autopilot/db/conv2d_edge.pp.0.cpp.clang-tidy.loop-label.err.log
Execute         source C:/Xilinx/Vitis_HLS/2024.1/tps/tcl/tcllib1.11.1/yaml/yaml.tcl 
Command       clang_tidy done; 1.072 sec.
INFO-FLOW: run_clang exec: C:/Xilinx/Vitis_HLS/2024.1/win64/tools/clang-3.9-csynth/bin/xilinx-dataflow-lawyer -export-fixes=C:/DevWorks/HAC/pynq_2DConvolution/solution1/.autopilot/db/conv2d_edge.pp.0.cpp.xilinx-dataflow-lawyer.diag.yml C:/DevWorks/HAC/pynq_2DConvolution/solution1/.autopilot/db/conv2d_edge.pp.0.cpp -- -std=gnu++14 -target fpga -fhls -ferror-limit=0 -fstrict-dataflow > C:/DevWorks/HAC/pynq_2DConvolution/solution1/.autopilot/db/conv2d_edge.pp.0.cpp.xilinx-dataflow-lawyer.out.log 2> C:/DevWorks/HAC/pynq_2DConvolution/solution1/.autopilot/db/conv2d_edge.pp.0.cpp.xilinx-dataflow-lawyer.err.log
Execute       ap_part_info -name xc7z020-clg400-1 -data info 
INFO-FLOW: compiling source code to llvm bc
INFO-FLOW: run_clang exec: C:/Xilinx/Vitis_HLS/2024.1/win64/tools/clang-3.9-csynth/bin/clang -foptimization-record-file=C:/DevWorks/HAC/pynq_2DConvolution/solution1/.autopilot/db/conv2d_edge.pp.0.cpp.clang.diag.yml -mllvm -pass-remarks-missed=reflow|pasta|unroll -mllvm -pass-remarks=reflow|pasta|unroll|inline -fno-limit-debug-info -fhls -flto -fno-exceptions -Wno-error=c++11-narrowing -hls-emit-hint-scope C:/DevWorks/HAC/pynq_2DConvolution/solution1/.autopilot/db/conv2d_edge.pp.0.cpp -fno-math-errno -c -emit-llvm -mllvm -disable-llvm-optzns -Werror=implicit-function-declaration -Werror=implicit-hls-streams -Werror=return-type -Wpragmas -Wunused-parameter -Wdump-hls-pragmas -Wno-error=dump-hls-pragmas -hls-clock-period=8 -fno-threadsafe-statics -fno-use-cxa-atexit -std=gnu++14 -target fpga64-xilinx-linux-gnu -D__VITIS_HLS__ -DAESL_SYN -D__SYNTHESIS__ -D__HLS_SYN__ -I C:/Xilinx/Vitis_HLS/2024.1/common/technology/autopilot -I C:/Xilinx/Vitis_HLS/2024.1/common/technology/autopilot/ap_sysc -include etc/autopilot_ssdm_op.h -D__DSP48E1__ -g -o C:/DevWorks/HAC/pynq_2DConvolution/solution1/.autopilot/db/conv2d_edge.bc {-hls-platform-db-name=C:/Xilinx/Vitis_HLS/2024.1\common/technology\xilinx/common/platform.db} -hls-platform-name=zynq_slow -device-resource-info=BRAM_280.000000_DSP_220.000000_FF_106400.000000_LUT_53200.000000_SLICE_13300.000000_URAM_0.000000 -device-name-info=xc7z020clg400-1 > C:/DevWorks/HAC/pynq_2DConvolution/solution1/.autopilot/db/conv2d_edge.pp.0.cpp.clang.out.log 2> C:/DevWorks/HAC/pynq_2DConvolution/solution1/.autopilot/db/conv2d_edge.pp.0.cpp.clang.err.log
INFO: [HLS 200-111] Finished Source Code Analysis and Preprocessing: CPU user time: 0 seconds. CPU system time: 0 seconds. Elapsed time: 5.711 seconds; current allocated memory: 178.996 MB.
INFO-FLOW: Linking Debug ...
INFO-FLOW: Linking dut bc code.
Execute       run_link_or_opt -out C:/DevWorks/HAC/pynq_2DConvolution/solution1/.autopilot/db/a.g.ld.0.bc -args  "C:/DevWorks/HAC/pynq_2DConvolution/solution1/.autopilot/db/conv2d_edge.g.bc"  
INFO-FLOW: run_clang exec: C:/Xilinx/Vitis_HLS/2024.1/win64/tools/clang-3.9-csynth/bin/llvm-link C:/DevWorks/HAC/pynq_2DConvolution/solution1/.autopilot/db/conv2d_edge.g.bc -o C:/DevWorks/HAC/pynq_2DConvolution/solution1/.autopilot/db/a.g.ld.0.bc > C:/DevWorks/HAC/pynq_2DConvolution/solution1/.autopilot/db/a.g.ld.0.bc.llvm-link.out.log 2> C:/DevWorks/HAC/pynq_2DConvolution/solution1/.autopilot/db/a.g.ld.0.bc.llvm-link.err.log
INFO-FLOW: 
Execute       run_link_or_opt -opt -out C:/DevWorks/HAC/pynq_2DConvolution/solution1/.autopilot/db/a.g.ld.1.lower.bc -args C:/DevWorks/HAC/pynq_2DConvolution/solution1/.autopilot/db/a.g.ld.0.bc -reflow-lower-math-intrinsics 
INFO-FLOW: run_clang exec: C:/Xilinx/Vitis_HLS/2024.1/win64/tools/clang-3.9-csynth/bin/opt -pass-remarks-missed=reflow|pasta|unroll -pass-remarks=reflow|pasta|unroll|inline -pass-remarks-output=C:/DevWorks/HAC/pynq_2DConvolution/solution1/.autopilot/db/a.g.ld.1.lower.bc.opt.diag.yml C:/DevWorks/HAC/pynq_2DConvolution/solution1/.autopilot/db/a.g.ld.0.bc -reflow-lower-math-intrinsics -o C:/DevWorks/HAC/pynq_2DConvolution/solution1/.autopilot/db/a.g.ld.1.lower.bc > C:/DevWorks/HAC/pynq_2DConvolution/solution1/.autopilot/db/a.g.ld.1.lower.bc.opt.out.log 2> C:/DevWorks/HAC/pynq_2DConvolution/solution1/.autopilot/db/a.g.ld.1.lower.bc.opt.err.log
INFO-FLOW: 
INFO-FLOW: Running: gen_design_size_report post-opt
INFO-FLOW: Done: gen_design_size_report post-opt time: 0 seconds per iteration
Command       run_link_or_opt done; 0.16 sec.
INFO-FLOW: Linking math bc lib
Execute       run_link_or_opt -out C:/DevWorks/HAC/pynq_2DConvolution/solution1/.autopilot/db/a.g.ld.2.m1.bc -args C:/DevWorks/HAC/pynq_2DConvolution/solution1/.autopilot/db/a.g.ld.1.lower.bc -only-needed C:/Xilinx/Vitis_HLS/2024.1/win64/lib/libhlsm_39.bc C:/Xilinx/Vitis_HLS/2024.1/win64/lib/libhlsmc++_39.bc 
INFO-FLOW: run_clang exec: C:/Xilinx/Vitis_HLS/2024.1/win64/tools/clang-3.9-csynth/bin/llvm-link C:/DevWorks/HAC/pynq_2DConvolution/solution1/.autopilot/db/a.g.ld.1.lower.bc -only-needed C:/Xilinx/Vitis_HLS/2024.1/win64/lib/libhlsm_39.bc C:/Xilinx/Vitis_HLS/2024.1/win64/lib/libhlsmc++_39.bc -o C:/DevWorks/HAC/pynq_2DConvolution/solution1/.autopilot/db/a.g.ld.2.m1.bc > C:/DevWorks/HAC/pynq_2DConvolution/solution1/.autopilot/db/a.g.ld.2.m1.bc.llvm-link.out.log 2> C:/DevWorks/HAC/pynq_2DConvolution/solution1/.autopilot/db/a.g.ld.2.m1.bc.llvm-link.err.log
INFO-FLOW: 
Command       run_link_or_opt done; 2.587 sec.
Execute       run_link_or_opt -opt -out C:/DevWorks/HAC/pynq_2DConvolution/solution1/.autopilot/db/a.g.ld.3.fpc.bc -args C:/DevWorks/HAC/pynq_2DConvolution/solution1/.autopilot/db/a.g.ld.2.m1.bc -reflow-globaldce -hls-top-function-name=conv2d_edge -reflow-float-conversion 
INFO-FLOW: run_clang exec: C:/Xilinx/Vitis_HLS/2024.1/win64/tools/clang-3.9-csynth/bin/opt -pass-remarks-missed=reflow|pasta|unroll -pass-remarks=reflow|pasta|unroll|inline -pass-remarks-output=C:/DevWorks/HAC/pynq_2DConvolution/solution1/.autopilot/db/a.g.ld.3.fpc.bc.opt.diag.yml C:/DevWorks/HAC/pynq_2DConvolution/solution1/.autopilot/db/a.g.ld.2.m1.bc -reflow-globaldce -hls-top-function-name=conv2d_edge -reflow-float-conversion -o C:/DevWorks/HAC/pynq_2DConvolution/solution1/.autopilot/db/a.g.ld.3.fpc.bc > C:/DevWorks/HAC/pynq_2DConvolution/solution1/.autopilot/db/a.g.ld.3.fpc.bc.opt.out.log 2> C:/DevWorks/HAC/pynq_2DConvolution/solution1/.autopilot/db/a.g.ld.3.fpc.bc.opt.err.log
INFO-FLOW: 
INFO-FLOW: Running: gen_design_size_report post-opt
INFO-FLOW: Done: gen_design_size_report post-opt time: 0 seconds per iteration
Command       run_link_or_opt done; 1.204 sec.
Execute       run_link_or_opt -out C:/DevWorks/HAC/pynq_2DConvolution/solution1/.autopilot/db/a.g.ld.4.m2.bc -args C:/DevWorks/HAC/pynq_2DConvolution/solution1/.autopilot/db/a.g.ld.3.fpc.bc -only-needed C:/Xilinx/Vitis_HLS/2024.1/win64/lib/libfloatconversion_39.bc 
INFO-FLOW: run_clang exec: C:/Xilinx/Vitis_HLS/2024.1/win64/tools/clang-3.9-csynth/bin/llvm-link C:/DevWorks/HAC/pynq_2DConvolution/solution1/.autopilot/db/a.g.ld.3.fpc.bc -only-needed C:/Xilinx/Vitis_HLS/2024.1/win64/lib/libfloatconversion_39.bc -o C:/DevWorks/HAC/pynq_2DConvolution/solution1/.autopilot/db/a.g.ld.4.m2.bc > C:/DevWorks/HAC/pynq_2DConvolution/solution1/.autopilot/db/a.g.ld.4.m2.bc.llvm-link.out.log 2> C:/DevWorks/HAC/pynq_2DConvolution/solution1/.autopilot/db/a.g.ld.4.m2.bc.llvm-link.err.log
INFO-FLOW: 
Execute       run_link_or_opt -opt -out C:/DevWorks/HAC/pynq_2DConvolution/solution1/.autopilot/db/a.g.ld.5.gdce.bc -args C:/DevWorks/HAC/pynq_2DConvolution/solution1/.autopilot/db/a.g.ld.4.m2.bc -reflow-globaldce -hls-top-function-name=conv2d_edge 
INFO-FLOW: run_clang exec: C:/Xilinx/Vitis_HLS/2024.1/win64/tools/clang-3.9-csynth/bin/opt -pass-remarks-missed=reflow|pasta|unroll -pass-remarks=reflow|pasta|unroll|inline -pass-remarks-output=C:/DevWorks/HAC/pynq_2DConvolution/solution1/.autopilot/db/a.g.ld.5.gdce.bc.opt.diag.yml C:/DevWorks/HAC/pynq_2DConvolution/solution1/.autopilot/db/a.g.ld.4.m2.bc -reflow-globaldce -hls-top-function-name=conv2d_edge -o C:/DevWorks/HAC/pynq_2DConvolution/solution1/.autopilot/db/a.g.ld.5.gdce.bc > C:/DevWorks/HAC/pynq_2DConvolution/solution1/.autopilot/db/a.g.ld.5.gdce.bc.opt.out.log 2> C:/DevWorks/HAC/pynq_2DConvolution/solution1/.autopilot/db/a.g.ld.5.gdce.bc.opt.err.log
INFO-FLOW: 
INFO-FLOW: Running: gen_design_size_report post-opt
INFO-FLOW: Done: gen_design_size_report post-opt time: 0 seconds per iteration
Execute       send_msg_by_id INFO @200-777@%s Vivado 
INFO: [HLS 200-777] Using interface defaults for 'Vivado' flow target.
Execute       is_m_axi_addr64 
INFO-FLOW: Doing LTO.
INFO-FLOW: run_clang (background poll_ms 5000) exec: C:/Xilinx/Vitis_HLS/2024.1/win64/tools/clang-3.9-csynth/bin/clang -foptimization-record-file=C:/DevWorks/HAC/pynq_2DConvolution/solution1/.autopilot/db/a.g.ld.0.bc.clang.reflow.diag.yml -mllvm -pass-remarks-missed=reflow|pasta|unroll -mllvm -pass-remarks=reflow|pasta|unroll|inline -fhls -mllvm -hls-top-function-name=conv2d_edge -mllvm -hls-db-dir -mllvm C:/DevWorks/HAC/pynq_2DConvolution/solution1/.autopilot/db -emit-llvm -c -target fpga64-xilinx-none -mllvm -xcl-xmlinfo=C:/DevWorks/HAC/pynq_2DConvolution/solution1/.autopilot/db/kernel.internal.xml -mllvm -top-io-mapping-info=C:/DevWorks/HAC/pynq_2DConvolution/solution1/.autopilot/db/top-io-fe.xml -mllvm -hls-bitcode-version=3.1 -mllvm -reflow-enable-slave-interface-default-setting=true -mllvm -gen-kernel-xml=false -mllvm -default-maxi-offset=slave -mllvm -maxi-latency=0 -mllvm -hls-maxi-data-size-in-bits=8 -mllvm -hls-maxi-max-data-size-in-bits=1024 -mllvm -hls-max-widen-size-in-bits=0 -mllvm -xcl-kernel-max-mem-ports=0 -mllvm -maxi-read-trans=16 -mllvm -maxi-write-trans=16 -mllvm -maxi-read-burst-len=16 -mllvm -maxi-write-burst-len=16 -mllvm -reflow-enable-saxi-64bits=0 -mllvm -reflow-basic-block-instr-threshold=200000 -mllvm -reflow-auto-pipeline-threshold=64 -mllvm -reflow-enable-maxi-auto-id-channel=0 -mllvm -enable-fp-thr=0 -mllvm -reflow-bdd-simplify-threshold=1048576 -mllvm -reflow-fanout-threshold=16 -mllvm -reflow-complete-threshold=4 -mllvm -reflow-array-promotion-threshold=64 -mllvm -assume-maxi-align=1 -mllvm -reflow-enable-dataflow-strict-mode-checking=1 -ftime-report -mllvm -time-passes -mllvm -reflow-auto-array-partition-mode=default -mllvm -reflow-enable-auto-small-array-partition=true -mllvm -reflow-enable-auto-array-partition-for-flatten=true -mllvm -reflow-enable-auto-parallel-performance-driven=true -mllvm -reflow-enable-partition-for-automation=true -mllvm -reflow-aggregate-bitwidth-threshold=4096 -mllvm -reflow-reserved-saxilite-registers=0 -mllvm -enable-reflow-auto-loop-pipeline -mllvm -reflow-max-unroll-threshold=409600 -mllvm -auto-unroll-tripcount-threshold=0 -mllvm -reflow-assume-no-address-wrap=true -mllvm -reflow-enable-occurrence-inference=true -mllvm -reflow-emit-hint-scope=true -mllvm -reflow-enable-codegen-with-if=true -mllvm -hls -mllvm -disable-inlined-alloca-merging=true -mllvm -default-clock-period=8 -mllvm -use_read_first_ram_in_loop=1 -mllvm -default-clock-uncertainty=2.16 -x ir C:/DevWorks/HAC/pynq_2DConvolution/solution1/.autopilot/db/a.g.ld.5.gdce.bc -o C:/DevWorks/HAC/pynq_2DConvolution/solution1/.autopilot/db/a.g.lto.bc {-hls-platform-db-name=C:/Xilinx/Vitis_HLS/2024.1\common/technology\xilinx/common/platform.db} -hls-platform-name=zynq_slow -device-resource-info=BRAM_280.000000_DSP_220.000000_FF_106400.000000_LUT_53200.000000_SLICE_13300.000000_URAM_0.000000 -device-name-info=xc7z020clg400-1 2> C:/DevWorks/HAC/pynq_2DConvolution/solution1/.autopilot/db/a.g.ld.0.bc.clang.reflow.err.log bg_poll_cmd: ::AP::poll_clang_39_closed_source
Execute       send_msg_by_id INFO @200-1995@%s%s%s 176 Compile/Link C:/DevWorks/HAC/pynq_2DConvolution/solution1/syn/report/csynth_design_size.rpt 
INFO: [HLS 200-1995] There were 176 instructions in the design after the 'Compile/Link' phase of compilation. See the Design Size Report for more details: C:/DevWorks/HAC/pynq_2DConvolution/solution1/syn/report/csynth_design_size.rpt
Execute       send_msg_by_id INFO @200-1995@%s%s%s 155 Unroll/Inline (step 1) C:/DevWorks/HAC/pynq_2DConvolution/solution1/syn/report/csynth_design_size.rpt 
INFO: [HLS 200-1995] There were 155 instructions in the design after the 'Unroll/Inline (step 1)' phase of compilation. See the Design Size Report for more details: C:/DevWorks/HAC/pynq_2DConvolution/solution1/syn/report/csynth_design_size.rpt
Execute       send_msg_by_id INFO @200-1995@%s%s%s 96 Unroll/Inline (step 2) C:/DevWorks/HAC/pynq_2DConvolution/solution1/syn/report/csynth_design_size.rpt 
INFO: [HLS 200-1995] There were 96 instructions in the design after the 'Unroll/Inline (step 2)' phase of compilation. See the Design Size Report for more details: C:/DevWorks/HAC/pynq_2DConvolution/solution1/syn/report/csynth_design_size.rpt
Execute       send_msg_by_id INFO @200-1995@%s%s%s 66 Unroll/Inline (step 3) C:/DevWorks/HAC/pynq_2DConvolution/solution1/syn/report/csynth_design_size.rpt 
INFO: [HLS 200-1995] There were 66 instructions in the design after the 'Unroll/Inline (step 3)' phase of compilation. See the Design Size Report for more details: C:/DevWorks/HAC/pynq_2DConvolution/solution1/syn/report/csynth_design_size.rpt
Execute       send_msg_by_id INFO @200-1995@%s%s%s 66 Unroll/Inline (step 4) C:/DevWorks/HAC/pynq_2DConvolution/solution1/syn/report/csynth_design_size.rpt 
INFO: [HLS 200-1995] There were 66 instructions in the design after the 'Unroll/Inline (step 4)' phase of compilation. See the Design Size Report for more details: C:/DevWorks/HAC/pynq_2DConvolution/solution1/syn/report/csynth_design_size.rpt
Execute       send_msg_by_id INFO @200-1995@%s%s%s 90 Array/Struct (step 1) C:/DevWorks/HAC/pynq_2DConvolution/solution1/syn/report/csynth_design_size.rpt 
INFO: [HLS 200-1995] There were 90 instructions in the design after the 'Array/Struct (step 1)' phase of compilation. See the Design Size Report for more details: C:/DevWorks/HAC/pynq_2DConvolution/solution1/syn/report/csynth_design_size.rpt
Execute       send_msg_by_id INFO @200-1995@%s%s%s 78 Array/Struct (step 2) C:/DevWorks/HAC/pynq_2DConvolution/solution1/syn/report/csynth_design_size.rpt 
INFO: [HLS 200-1995] There were 78 instructions in the design after the 'Array/Struct (step 2)' phase of compilation. See the Design Size Report for more details: C:/DevWorks/HAC/pynq_2DConvolution/solution1/syn/report/csynth_design_size.rpt
Execute       send_msg_by_id INFO @200-1995@%s%s%s 80 Array/Struct (step 3) C:/DevWorks/HAC/pynq_2DConvolution/solution1/syn/report/csynth_design_size.rpt 
INFO: [HLS 200-1995] There were 80 instructions in the design after the 'Array/Struct (step 3)' phase of compilation. See the Design Size Report for more details: C:/DevWorks/HAC/pynq_2DConvolution/solution1/syn/report/csynth_design_size.rpt
Execute       send_msg_by_id INFO @200-1995@%s%s%s 82 Array/Struct (step 4) C:/DevWorks/HAC/pynq_2DConvolution/solution1/syn/report/csynth_design_size.rpt 
INFO: [HLS 200-1995] There were 82 instructions in the design after the 'Array/Struct (step 4)' phase of compilation. See the Design Size Report for more details: C:/DevWorks/HAC/pynq_2DConvolution/solution1/syn/report/csynth_design_size.rpt
Execute       send_msg_by_id INFO @200-1995@%s%s%s 90 Array/Struct (step 5) C:/DevWorks/HAC/pynq_2DConvolution/solution1/syn/report/csynth_design_size.rpt 
INFO: [HLS 200-1995] There were 90 instructions in the design after the 'Array/Struct (step 5)' phase of compilation. See the Design Size Report for more details: C:/DevWorks/HAC/pynq_2DConvolution/solution1/syn/report/csynth_design_size.rpt
Execute       send_msg_by_id INFO @200-1995@%s%s%s 86 Performance (step 1) C:/DevWorks/HAC/pynq_2DConvolution/solution1/syn/report/csynth_design_size.rpt 
INFO: [HLS 200-1995] There were 86 instructions in the design after the 'Performance (step 1)' phase of compilation. See the Design Size Report for more details: C:/DevWorks/HAC/pynq_2DConvolution/solution1/syn/report/csynth_design_size.rpt
Execute       send_msg_by_id INFO @200-1995@%s%s%s 86 Performance (step 2) C:/DevWorks/HAC/pynq_2DConvolution/solution1/syn/report/csynth_design_size.rpt 
INFO: [HLS 200-1995] There were 86 instructions in the design after the 'Performance (step 2)' phase of compilation. See the Design Size Report for more details: C:/DevWorks/HAC/pynq_2DConvolution/solution1/syn/report/csynth_design_size.rpt
Execute       send_msg_by_id INFO @200-1995@%s%s%s 86 Performance (step 3) C:/DevWorks/HAC/pynq_2DConvolution/solution1/syn/report/csynth_design_size.rpt 
INFO: [HLS 200-1995] There were 86 instructions in the design after the 'Performance (step 3)' phase of compilation. See the Design Size Report for more details: C:/DevWorks/HAC/pynq_2DConvolution/solution1/syn/report/csynth_design_size.rpt
Execute       send_msg_by_id INFO @200-1995@%s%s%s 86 Performance (step 4) C:/DevWorks/HAC/pynq_2DConvolution/solution1/syn/report/csynth_design_size.rpt 
INFO: [HLS 200-1995] There were 86 instructions in the design after the 'Performance (step 4)' phase of compilation. See the Design Size Report for more details: C:/DevWorks/HAC/pynq_2DConvolution/solution1/syn/report/csynth_design_size.rpt
Execute       send_msg_by_id INFO @200-1995@%s%s%s 88 HW Transforms (step 1) C:/DevWorks/HAC/pynq_2DConvolution/solution1/syn/report/csynth_design_size.rpt 
INFO: [HLS 200-1995] There were 88 instructions in the design after the 'HW Transforms (step 1)' phase of compilation. See the Design Size Report for more details: C:/DevWorks/HAC/pynq_2DConvolution/solution1/syn/report/csynth_design_size.rpt
Execute       send_msg_by_id INFO @200-1995@%s%s%s 90 HW Transforms (step 2) C:/DevWorks/HAC/pynq_2DConvolution/solution1/syn/report/csynth_design_size.rpt 
INFO: [HLS 200-1995] There were 90 instructions in the design after the 'HW Transforms (step 2)' phase of compilation. See the Design Size Report for more details: C:/DevWorks/HAC/pynq_2DConvolution/solution1/syn/report/csynth_design_size.rpt
INFO: [HLS 214-291] Loop 'VITIS_LOOP_44_3' is marked as complete unroll implied by the pipeline pragma (pynq_2DConvolution/source/conv2d_edge.cpp:44:34)
INFO: [HLS 214-291] Loop 'VITIS_LOOP_46_4' is marked as complete unroll implied by the pipeline pragma (pynq_2DConvolution/source/conv2d_edge.cpp:46:19)
INFO: [HLS 214-291] Loop 'VITIS_LOOP_53_5' is marked as complete unroll implied by the pipeline pragma (pynq_2DConvolution/source/conv2d_edge.cpp:53:34)
INFO: [HLS 214-291] Loop 'VITIS_LOOP_55_6' is marked as complete unroll implied by the pipeline pragma (pynq_2DConvolution/source/conv2d_edge.cpp:55:19)
INFO: [HLS 214-186] Unrolling loop 'VITIS_LOOP_44_3' (pynq_2DConvolution/source/conv2d_edge.cpp:44:34) in function 'conv2d_edge' completely with a factor of 3 (pynq_2DConvolution/source/conv2d_edge.cpp:7:0)
INFO: [HLS 214-186] Unrolling loop 'VITIS_LOOP_46_4' (pynq_2DConvolution/source/conv2d_edge.cpp:46:19) in function 'conv2d_edge' completely with a factor of 3 (pynq_2DConvolution/source/conv2d_edge.cpp:7:0)
INFO: [HLS 214-186] Unrolling loop 'VITIS_LOOP_53_5' (pynq_2DConvolution/source/conv2d_edge.cpp:53:34) in function 'conv2d_edge' completely with a factor of 3 (pynq_2DConvolution/source/conv2d_edge.cpp:7:0)
INFO: [HLS 214-186] Unrolling loop 'VITIS_LOOP_55_6' (pynq_2DConvolution/source/conv2d_edge.cpp:55:19) in function 'conv2d_edge' completely with a factor of 3 (pynq_2DConvolution/source/conv2d_edge.cpp:7:0)
INFO: [HLS 214-248] Applying array_partition to 'linebuf': Complete partitioning on dimension 1. (pynq_2DConvolution/source/conv2d_edge.cpp:23:10)
INFO: [HLS 214-241] Aggregating maxi variable 'output' with compact=none mode in 8-bits
INFO: [HLS 214-241] Aggregating maxi variable 'input' with compact=none mode in 8-bits
INFO: [HLS 214-115] Multiple burst reads of length 65536 and bit width 8 in loop 'VITIS_LOOP_32_1'(pynq_2DConvolution/source/conv2d_edge.cpp:32:19) has been inferred on bundle 'gmem0'. These burst requests might be further partitioned into multiple requests during RTL generation, based on max_read_burst_length or max_write_burst_length settings. (pynq_2DConvolution/source/conv2d_edge.cpp:32:19)
INFO: [HLS 214-115] Multiple burst writes of length 64516 and bit width 8 in loop 'VITIS_LOOP_32_1'(pynq_2DConvolution/source/conv2d_edge.cpp:32:19) has been inferred on bundle 'gmem1'. These burst requests might be further partitioned into multiple requests during RTL generation, based on max_read_burst_length or max_write_burst_length settings. (pynq_2DConvolution/source/conv2d_edge.cpp:32:19)
INFO-FLOW: DBG:PUTS: copy_raw_kernel_xml ap_link_39: kernel.xml not generated: C:/DevWorks/HAC/pynq_2DConvolution/solution1/.autopilot/db/kernel.internal.xml
INFO: [HLS 200-111] Finished Compiling Optimization and Transform: CPU user time: 0 seconds. CPU system time: 1 seconds. Elapsed time: 9.864 seconds; current allocated memory: 181.453 MB.
INFO: [HLS 200-111] Finished Checking Pragmas: CPU user time: 0 seconds. CPU system time: 0 seconds. Elapsed time: 0.003 seconds; current allocated memory: 181.453 MB.
Execute       opt_and_import_c a -opt_level=2 -skip_syncheck=0 -ng=0 -keep_printf=0 
Execute         cleanup_all_models 
INFO: [HLS 200-10] Starting code transformations ...
INFO-FLOW: Running Standard Transforms...
Execute         transform -hls -share-std-xform -demangle-name -inline-byval-memcpy -always-inline -promote-dbg-pointer -interface-preproc -mem2reg -scalarrepl -mem2reg -keep-read-access -instcombine -dce -promote-dbg-pointer -bitop-raise -loop-simplify -indvarspre -indvars -loop-simplify -constprop -instcombine -simplifycfg -indvars -simplifycfg -dce -globaldce -basicaa -simplifycfg -mem2reg -globalopt -global-constprop -deadargelim -instcombine -simplifycfg -scalarrepl -instcombine -reassociate -licm -simplifycfg -loop-simplify -indvars -instcombine -simplifycfg -mem2reg -loop-simplify -indvars -instcombine -gvn -gvn -instcombine -adce -break-crit-edges -simplifycfg -loop-delete -global-array-opt -dce -dse -adce -find-syn-modules -top conv2d_edge -deadargelim -mem2reg -instcombine -dce -presyn-prepare -interface-preproc -syn-check -check-rec-only -find-region -simplifycfg -func-extr -function-inline -globaldce -mem2reg -instcombine -dce -gvn -globaldce -adce -adse -constprop -instcombine -bit-constprop -instcombine -dce -simplifycfg -bitop-raise -simplifycfg -dce -loop-delete -reassociate -globalopt -global-privatize -mem2reg -dce -global-constprop -pointer-simplify -constprop -dce -promote-dbg-pointer -norm-name C:/DevWorks/HAC/pynq_2DConvolution/solution1/.autopilot/db/a.g.0.bc -o C:/DevWorks/HAC/pynq_2DConvolution/solution1/.autopilot/db/a.g.1.bc -f -phase std-opt 
INFO: [HLS 200-111] Finished Standard Transforms: CPU user time: 0 seconds. CPU system time: 0 seconds. Elapsed time: 0.12 seconds; current allocated memory: 185.805 MB.
INFO: [HLS 200-10] Checking synthesizability ...
INFO-FLOW: Checking Synthesizability 1/2..
Execute         transform -hls -syn-check -check-rec-only -scalarrepl -norm-name -dce -mem2reg -instcombine -directive-preproc -mem2reg -dse -dce -dce -pag -array-normalize -instcombine -dce -array-seg-normalize -instcombine -dce -data-pack -instcombine -dce -inst-simplify -array-flatten -instcombine -dce -array-burst -dce -deadargelim -promote-global-argument -simplifycfg -mem2reg -globaldce -dce -deadargelim -dce -instcombine -function-inline -globaldce -dce -doublePtrSimplify -doublePtrElim -dce -doublePtrSimplify -promote-dbg-pointer -dce -scalarrepl -dse -adse -instcombine -ptrLegalization -simplifycfg -dce -instcombine -pointer-simplify -ptrArgReplace -dce -instcombine -resolve-double-ptr -scalarrepl -norm-name -dce -mem2reg -instcombine -ptrLegalization -simplifycfg -deadargelim -instcombine -dce -inst-simplify -directive-preproc -mem2reg -dse -dce -globaldce C:/DevWorks/HAC/pynq_2DConvolution/solution1/.autopilot/db/a.g.1.bc -o C:/DevWorks/HAC/pynq_2DConvolution/solution1/.autopilot/db/a.g.2.prechk.bc -f 
INFO-FLOW: Checking Synthesizability 2/2..
Execute         transform -syn-check C:/DevWorks/HAC/pynq_2DConvolution/solution1/.autopilot/db/a.g.2.prechk.bc -o C:/DevWorks/HAC/pynq_2DConvolution/solution1/.autopilot/db/a.g.2.bc -f -phase syn-check 
INFO: [HLS 200-111] Finished Checking Synthesizability: CPU user time: 0 seconds. CPU system time: 0 seconds. Elapsed time: 0.049 seconds; current allocated memory: 187.359 MB.
INFO-FLOW: Compiler optimizing ...
INFO-FLOW: Share syncheck's 1.bc for syn flow: copy C:/DevWorks/HAC/pynq_2DConvolution/solution1/.autopilot/db/a.g.1.bc to C:/DevWorks/HAC/pynq_2DConvolution/solution1/.autopilot/db/a.o.1.bc
INFO-FLOW: Presyn 1...
Execute         transform -hls -tmp C:/DevWorks/HAC/pynq_2DConvolution/solution1/.autopilot/db -interface-port-rename -directive-preproc -mem2reg -dse -dce -scalarrepl -norm-name -deadargelim -mem2reg -instcombine -dce -simplifycfg -dce -resource-proc -clib-intrinsic-prepare -dce -func-buffer -dce -pag -array-normalize -func-legal -instcombine -gvn -constprop -dce -simplifycfg -mem2reg -globaldce -resolve-double-ptr -dce -deadargelim -dce -instcombine -ptrArgReplace -mem2reg -dce -array-seg-normalize -deadargelim -instcombine -dce -directive-preproc -mem2reg -dse -dce -pointer-simplify -dce -port-alignment -dce -interface-preproc -data-pack -instcombine -dce -basicaa -aggr-aa -aggrmodref-aa -aggr-aa -gvn -gvn -basicaa -aggr-aa -aggrmodref-aa -aggr-aa -dse -adse -adce -loop-simplify -indvars -instcombine -gvn -loop-simplify -mem2reg -dce -find-region -instcombine -inst-simplify -interface-preproc -cfgopt -instcombine -indvars -loop-simplify -loop-bound -constprop -instcombine -simplifycfg -indvars -simplifycfg -dce -globaldce -clean-region -attach-range -gvn -inst-simplify -constprop -simplifycfg -dce -pointer-simplify -dce -globalopt -constprop -dce -array-promote -constprop -dce -ptrArgReplace -mem2reg -simplifycfg -dce -instcombine -dce -array-transform-check -array-reshape -instcombine -simplifycfg -dce -ptrArgReplace -deadargelim -mem2reg -instcombine -simplifycfg -dce -indvars -loop-simplify -loop-bound -constprop -instcombine -simplifycfg -indvars -simplifycfg -dce -globaldce -basicaa -aggr-aa -aggrmodref-aa -aggr-aa -dse -duplicate-dataflow-processes -globaldce -instcombine -array-partition -prepare-dynamic-array-partition -instcombine -simplifycfg -dce -ptrArgReplace -global-constprop -deadargelim -mem2reg -func-legal -dce -global-constprop -deadargelim -mem2reg -simplifycfg -dce -merge-param -deadargelim -globalopt -constprop -dce -array-promote -constprop -dce -ptrArgReplace -mem2reg -simplifycfg -dce -mem-intrinsic-preproc -dce -global-internalize -global-privatize -mem2reg -globaldce -lcssa -loop-simplify -phi-select-elim -promote-global-argument -ptrArgReplace -mem2reg -dce -globalopt -mergereturn -simplify-global-access -mem2reg -dce -pointer-simplify -dce -basicaa -aggr-aa -aggrmodref-aa -aggr-aa -functionattrs -basicaa -aggr-aa -aggrmodref-aa -aggr-aa -gvn -gvn -basicaa -aggr-aa -aggrmodref-aa -aggr-aa -dse -adse -adce -dce -norm-name -basicaa -aggr-aa -aggrmodref-aa -aggr-aa -accesses-merge -function-inline -complex-op-raise -inst-simplify -globaldce -func-legal -dce -loop-bound -arraycheck -bitwidthmin2 -bitwidthmin2 -on-by-dataflow -loop-delete -instcombine -simplifycfg -globaldce -dce -gvn -deadargelim -dce -loop-simplify -clean-region -simplifycfg -propagate-stable-arguments -loop-stream -instcombine -simplifycfg -dce -globaldce -duplicate-dataflow-processes -stream-intrinsic-preproc -dce -check-ap-stream -loop-simplify -eliminate-keepreads -extract-dataflow-in-loop -loop-simplify -dce -gvn -deadargelim -dse -duplicate-dataflow-processes -check-dataflow-syntax -legalize-stream-variable -globaldce -legalize-global -extract-subproc -dce -dead-channel-elimination -canonicalize-gep -globaldce -dce -gvn -hls-dead-arg-elim -deadargelim -directive-preproc -canonicalize-dataflow -dce -globaldce -scalar-preprocessing -scalar-propagation2 -scalar-stream -deadargelim -globaldce -mem2reg -check-dataflow-channels -function-stream -dce -globaldce -prop-fifo-spec -internal-stream-gen -canonicalize-gep -globaldce -dce -gvn -deadargelim -mergereturn -indvars -loop-simplify -instcombine -array-stream -array-seg-normalize -array-partition -clean-array-spec -func-legal -instcombine -simplifycfg -dce -bundle-memfifo-ops -deadargelim -directive-preproc -mem2reg -dse -dce -group-axi-access -licm -simplifycfg -dce -loop-delete -hls-display -norm-name C:/DevWorks/HAC/pynq_2DConvolution/solution1/.autopilot/db/a.o.1.bc -o C:/DevWorks/HAC/pynq_2DConvolution/solution1/.autopilot/db/a.o.1.tmp.bc -f 
INFO-FLOW: Presyn 2...
Execute         transform -hls -keep-callgraph -scalarrepl -mem2reg -port-alignment -attach-range -dce -pipe-mux-gen -indvars -loop-bound -inst-simplify -instcombine -dce -merge-array-access -mem2reg -dce -clean-region -mergereturn -if-conv -instcombine -dce -constprop -basicaa -aggr-aa -aggrmodref-aa -aggr-aa -gvn -gvn -basicaa -aggr-aa -aggrmodref-aa -aggr-aa -dse -adse -adce -scalarrepl -mem2reg -global-constprop -deadargelim -deadargelim -instcombine -dce -simplifycfg -ptrArgReplace -mem2reg -function-inline -globaldce -mem2reg -instcombine -dce -expr-balance -instcombine -dce -bitwidthmin2 -bitwidthmin2 -interface-preproc -directive-preproc -inst-rectify -instcombine -dce -basicaa -aggr-aa -aggrmodref-aa -aggr-aa -functionattrs -constprop -instcombine -bit-constprop -simplify-global-access -globalopt -globaldce -inst-simplify -instcombine -elimdeaddata -dce -loop-delete -simplifycfg -loop-simplify -barrier -norm-name C:/DevWorks/HAC/pynq_2DConvolution/solution1/.autopilot/db/a.o.1.tmp.bc -o C:/DevWorks/HAC/pynq_2DConvolution/solution1/.autopilot/db/a.o.2.bc -f -phase presyn 
INFO: [HLS 200-111] Finished Loop, function and other optimizations: CPU user time: 0 seconds. CPU system time: 0 seconds. Elapsed time: 0.092 seconds; current allocated memory: 209.383 MB.
Execute         transform -hls -auto-function-inline -globaldce -ptrArgReplace -mem2reg -dce -reset-lda -loop-simplify -indvars -aggr-aa -licm -loop-dep -loop-bound -licm -loop-simplify -loop-sink-hoist -flattenloopnest -array-flatten -gvn -instcombine -dce -array-map -dce -func-legal -gvn -adce -instcombine -cfgopt -simplifycfg-lite -loop-simplify -array-burst -promote-global-argument -dce -array-seg-normalize -basicaa -aggrmodref-aa -globalsmodref-aa -aggr-aa -gvn -gvn -basicaa -aggrmodref-aa -globalsmodref-aa -aggr-aa -dse -adse -adce -licm -inst-simplify -dce -globaldce -instcombine -array-stream -eliminate-keepreads -instcombine -dce -deadargelim -doublePtrSimplify -doublePtrElim -dce -doublePtrSimplify -promote-dbg-pointer -dce -scalarrepl -mem2reg -norm-name -mem2reg -instcombine -dse -adse -adce -ptrLegalization -dce -array-flatten -dce -instcombine -check-doubleptr -loop-rot -constprop -inst-simplify -cfgopt -simplifycfg-lite -loop-simplify -indvars -pointer-simplify -dce -loop-bound -loop-simplify -loop-preproc -constprop -global-constprop -gvn -mem2reg -instcombine -dce -loop-bound -loop-merge -dce -deadargelim -dce -canonicalize-dataflow -dce -deadargelim -globaldce -mem2reg -bram-byte-enable -inst-simplify -inst-rectify -instcombine -adce -deadargelim -load-elim -read-loop-dep -loop-simplify -loop-extract-inner -directive-preproc -bitwidthmin2 -bitwidthmin2 -read-loop-dep -interface-preproc -directive-preproc -interface-gen -bram-byte-enable-spec-prop -mul2addshift -deadargelim -inst-simplify -dce -mem2reg -instcombine -gvn -dce -adse -loop-bound -instcombine -cfgopt -simplifycfg-lite -loop-simplify -clean-region -io-protocol -find-region -mem2reg -bitop-raise -complex-op-raise -inst-simplify -inst-rectify -instcombine -adce -deadargelim -float-op-raise -loop-simplify -phi-opt -bitop-raise -cfgopt -simplifycfg-lite -strip-dead-prototypes -interface-lower -bitop-lower -intrinsic-lower -auto-function-inline -basicaa -aggrmodref-aa -globalsmodref-aa -aggr-aa -inst-simplify -simplifycfg-lite -loop-simplify -mergereturn -inst-simplify -inst-rectify -globaldce -dce -load-elim -bitop-lower -float-op-raise -fma-raise -loop-rewind -pointer-simplify -dce -cfgopt -dce -loop-bound -loop-dep -read-loop-dep -dce -dyn-mem-reuse -dce -recurrence-min -dce -share-scalar-alloca -deadargelim -dce -check-stream -norm-name -legalize -inst-clarity -bitwidth -dce -validate-dataflow -dump-loop-dep-to-ir -check-all-ssdm -dump-complexity-metric C:/DevWorks/HAC/pynq_2DConvolution/solution1/.autopilot/db/a.o.2.bc -o C:/DevWorks/HAC/pynq_2DConvolution/solution1/.autopilot/db/a.o.3.bc -f -phase build-ssdm 
INFO: [HLS 200-2061] Successfully converted nested loops 'VITIS_LOOP_32_1'(pynq_2DConvolution/source/conv2d_edge.cpp:32:19) and 'VITIS_LOOP_33_2'(pynq_2DConvolution/source/conv2d_edge.cpp:33:26) in function 'conv2d_edge' into perfectly nested loops.
INFO: [XFORM 203-541] Flattening a loop nest 'VITIS_LOOP_32_1' (pynq_2DConvolution/source/conv2d_edge.cpp:32:19) in function 'conv2d_edge'.
Execute           auto_get_db
INFO-FLOW: Building ssdm...
Execute         transform -hls -cdfg-build C:/DevWorks/HAC/pynq_2DConvolution/solution1/.autopilot/db/a.o.3.bc -o C:/DevWorks/HAC/pynq_2DConvolution/solution1/.autopilot/db/a.o.3.bc -f -phase build-ssdm 
INFO: [HLS 200-111] Finished Architecture Synthesis: CPU user time: 0 seconds. CPU system time: 0 seconds. Elapsed time: 0.1 seconds; current allocated memory: 209.398 MB.
INFO-FLOW: Finish building internal data model.
Command       opt_and_import_c done; 0.369 sec.
Command     elaborate done; 15.997 sec.
Execute     ap_eval exec zip -j C:/DevWorks/HAC/pynq_2DConvolution/solution1/.autopilot/db/dut.hcp $dbDir/a.o.3.bc $dbDir/${topname}.rtl_wrap.cfg.tcl $dbDir/apatb_${topname}.cpp $dbDir/apatb_${topname}_util.cpp $dbDir/apatb_${topname}_ir.ll $dbDir/mapper_${topname}.cpp $dbDir/top-io-fe.xml $dbDir/kernel.internal.xml $workdir/../hls.app 
Command     ap_eval done; 0.145 sec.
Execute     autosyn -from_csynth_design=1 
INFO: [HLS 200-10] Starting hardware synthesis ...
INFO-FLOW: Synthesizing C/C++ design ...
INFO: [HLS 200-10] Synthesizing 'conv2d_edge' ...
Execute       ap_set_top_model conv2d_edge 
Execute       get_model_list conv2d_edge -filter all-wo-channel -topdown 
Execute       preproc_iomode -model conv2d_edge 
Execute       get_model_list conv2d_edge -filter all-wo-channel 
INFO-FLOW: Model list for configure: conv2d_edge
INFO-FLOW: Configuring Module : conv2d_edge ...
Execute       set_default_model conv2d_edge 
Execute       apply_spec_resource_limit conv2d_edge 
INFO-FLOW: Model list for preprocess: conv2d_edge
INFO-FLOW: Preprocessing Module: conv2d_edge ...
Execute       set_default_model conv2d_edge 
Execute       cdfg_preprocess -model conv2d_edge 
Execute       rtl_gen_preprocess conv2d_edge 
INFO-FLOW: Model list for synthesis: conv2d_edge
INFO: [HLS 200-10] ----------------------------------------------------------------
INFO: [HLS 200-42] -- Implementing module 'conv2d_edge' 
INFO: [HLS 200-10] ----------------------------------------------------------------
Execute       set_default_model conv2d_edge 
Execute       schedule -model conv2d_edge 
INFO: [SCHED 204-11] Starting scheduling ...
INFO: [HLS 200-1457] Automatically inferring inferring RAM_1WNR storage type for array 'linebuf_2'. Use bind_storage pragma to override this type.
INFO: [HLS 200-1457] Automatically inferring inferring RAM_1WNR storage type for array 'linebuf_1'. Use bind_storage pragma to override this type.
INFO: [SCHED 204-61] Pipelining loop 'VITIS_LOOP_32_1_VITIS_LOOP_33_2'.
INFO: [HLS 200-1470] Pipelining result : Target II = 1, Final II = 1, Depth = 19, loop 'VITIS_LOOP_32_1_VITIS_LOOP_33_2'
INFO: [SCHED 204-11] Finished scheduling.
Command       schedule done; 0.168 sec.
INFO: [HLS 200-111] Finished Scheduling: CPU user time: 0 seconds. CPU system time: 0 seconds. Elapsed time: 0.379 seconds; current allocated memory: 209.398 MB.
Execute       syn_report -verbosereport -o C:/DevWorks/HAC/pynq_2DConvolution/solution1/.autopilot/db/conv2d_edge.verbose.sched.rpt 
Execute         list_part -family xc7z020-clg400-1 
Execute           ap_family_info -name xc7z020-clg400-1 -data names 
Execute           ap_part_info -quiet -name xc7z020-clg400-1 -data family 
Execute       db_write -o C:/DevWorks/HAC/pynq_2DConvolution/solution1/.autopilot/db/conv2d_edge.sched.adb -f 
INFO-FLOW: Finish scheduling conv2d_edge.
Execute       set_default_model conv2d_edge 
Execute       bind -model conv2d_edge 
INFO: [BIND 205-100] Starting micro-architecture generation ...
INFO: [BIND 205-101] Performing variable lifetime analysis.
INFO: [BIND 205-101] Exploring resource sharing.
INFO: [BIND 205-101] Binding ...
INFO: [BIND 205-100] Finished micro-architecture generation.
INFO: [HLS 200-111] Finished Binding: CPU user time: 0 seconds. CPU system time: 0 seconds. Elapsed time: 0.107 seconds; current allocated memory: 209.691 MB.
Execute       syn_report -verbosereport -o C:/DevWorks/HAC/pynq_2DConvolution/solution1/.autopilot/db/conv2d_edge.verbose.bind.rpt 
Execute         list_part -family xc7z020-clg400-1 
Execute           ap_family_info -name xc7z020-clg400-1 -data names 
Execute           ap_part_info -quiet -name xc7z020-clg400-1 -data family 
Execute       db_write -o C:/DevWorks/HAC/pynq_2DConvolution/solution1/.autopilot/db/conv2d_edge.bind.adb -f 
INFO-FLOW: Finish binding conv2d_edge.
Execute       get_model_list conv2d_edge -filter all-wo-channel 
INFO-FLOW: Preprocessing for RTLGen ...
Execute       rtl_gen_preprocess conv2d_edge 
INFO-FLOW: Model list for RTL generation: conv2d_edge
INFO: [HLS 200-10] ----------------------------------------------------------------
INFO: [HLS 200-10] -- Generating RTL for module 'conv2d_edge' 
INFO: [HLS 200-10] ----------------------------------------------------------------
Execute       create_rtl_model conv2d_edge -top_prefix  -sub_prefix conv2d_edge_ -mg_file C:/DevWorks/HAC/pynq_2DConvolution/solution1/.autopilot/db/conv2d_edge.compgen.tcl 
WARNING: [RTGEN 206-101] Design contains AXI ports. Reset is fixed to synchronous and active low.
INFO: [RTGEN 206-500] Setting interface mode on port 'conv2d_edge/gmem0' to 'm_axi'.
INFO: [RTGEN 206-500] Setting interface mode on port 'conv2d_edge/gmem1' to 'm_axi'.
INFO: [RTGEN 206-500] Setting interface mode on port 'conv2d_edge/input_r' to 's_axilite & ap_none'.
INFO: [RTGEN 206-500] Setting interface mode on port 'conv2d_edge/output_r' to 's_axilite & ap_none'.
INFO: [RTGEN 206-500] Setting interface mode on function 'conv2d_edge' to 's_axilite & ap_ctrl_hs'.
INFO: [HLS 200-1030] Apply Unified Pipeline Control on module 'conv2d_edge' pipeline 'VITIS_LOOP_32_1_VITIS_LOOP_33_2' pipeline type 'loop pipeline'
INFO: [RTGEN 206-100] Bundling port 'input_r', 'output_r' and 'return' to AXI-Lite port control.
INFO: [RTGEN 206-100] Finished creating RTL model for 'conv2d_edge'.
INFO: [RTMG 210-278] Implementing memory 'conv2d_edge_linebuf_RAM_AUTO_1R1W' using auto RAMs.
INFO: [RTMG 210-278] Implementing memory 'conv2d_edge_linebuf_1_RAM_1WNR_AUTO_1R1W' using auto RAMs.
Command       create_rtl_model done; 0.218 sec.
INFO: [HLS 200-111] Finished Creating RTL model: CPU user time: 1 seconds. CPU system time: 0 seconds. Elapsed time: 0.295 seconds; current allocated memory: 212.535 MB.
Execute       source C:/DevWorks/HAC/pynq_2DConvolution/solution1/.autopilot/db/conv2d_edge.rtl_wrap.cfg.tcl 
Execute       gen_rtl conv2d_edge -istop -style xilinx -f -lang vhdl -o C:/DevWorks/HAC/pynq_2DConvolution/solution1/syn/vhdl/conv2d_edge 
Execute       gen_rtl conv2d_edge -istop -style xilinx -f -lang vlog -o C:/DevWorks/HAC/pynq_2DConvolution/solution1/syn/verilog/conv2d_edge 
Execute       syn_report -csynth -model conv2d_edge -o C:/DevWorks/HAC/pynq_2DConvolution/solution1/syn/report/conv2d_edge_csynth.rpt 
Execute         list_part -family xc7z020-clg400-1 
Execute           ap_family_info -name xc7z020-clg400-1 -data names 
Execute           ap_part_info -quiet -name xc7z020-clg400-1 -data family 
Execute       syn_report -rtlxml -model conv2d_edge -o C:/DevWorks/HAC/pynq_2DConvolution/solution1/syn/report/conv2d_edge_csynth.xml 
Execute         list_part -family xc7z020-clg400-1 
Execute           ap_family_info -name xc7z020-clg400-1 -data names 
Execute           ap_part_info -quiet -name xc7z020-clg400-1 -data family 
Execute       syn_report -verbosereport -model conv2d_edge -o C:/DevWorks/HAC/pynq_2DConvolution/solution1/.autopilot/db/conv2d_edge.verbose.rpt 
Execute         list_part -family xc7z020-clg400-1 
Execute           ap_family_info -name xc7z020-clg400-1 -data names 
Execute           ap_part_info -quiet -name xc7z020-clg400-1 -data family 
Execute       db_write -model conv2d_edge -f -o C:/DevWorks/HAC/pynq_2DConvolution/solution1/.autopilot/db/conv2d_edge.adb 
Execute       db_write -model conv2d_edge -bindview -o C:/DevWorks/HAC/pynq_2DConvolution/solution1/.autopilot/db/design.bindinfo.xml 
Execute       gen_tb_info conv2d_edge -p C:/DevWorks/HAC/pynq_2DConvolution/solution1/.autopilot/db -o C:/DevWorks/HAC/pynq_2DConvolution/solution1/.autopilot/db/conv2d_edge 
Execute       export_constraint_db -f -tool general -o C:/DevWorks/HAC/pynq_2DConvolution/solution1/.autopilot/db/conv2d_edge.constraint.tcl 
Execute       syn_report -designview -model conv2d_edge -o C:/DevWorks/HAC/pynq_2DConvolution/solution1/.autopilot/db/conv2d_edge.design.xml 
Execute       syn_report -csynthDesign -model conv2d_edge -o C:/DevWorks/HAC/pynq_2DConvolution/solution1/syn/report/csynth.rpt -MHOut C:/DevWorks/HAC/pynq_2DConvolution/solution1/.autopilot/db/kernel_module_hierarchy.tcl 
Execute         list_part -family xc7z020-clg400-1 
Execute           ap_family_info -name xc7z020-clg400-1 -data names 
Execute           ap_part_info -quiet -name xc7z020-clg400-1 -data family 
Execute       syn_report -wcfg -model conv2d_edge -o C:/DevWorks/HAC/pynq_2DConvolution/solution1/.autopilot/db/conv2d_edge_dataflow_ana.wcfg 
Execute       syn_report -protoinst -model conv2d_edge -o C:/DevWorks/HAC/pynq_2DConvolution/solution1/.autopilot/db/conv2d_edge.protoinst 
Execute       sc_get_clocks conv2d_edge 
Execute       sc_get_portdomain conv2d_edge 
INFO-FLOW: Model list for RTL component generation: conv2d_edge
INFO-FLOW: Handling components in module [conv2d_edge] ... 
Execute       source C:/DevWorks/HAC/pynq_2DConvolution/solution1/.autopilot/db/conv2d_edge.compgen.tcl 
INFO-FLOW: Found component conv2d_edge_linebuf_RAM_AUTO_1R1W.
INFO-FLOW: Append model conv2d_edge_linebuf_RAM_AUTO_1R1W
INFO-FLOW: Found component conv2d_edge_linebuf_1_RAM_1WNR_AUTO_1R1W.
INFO-FLOW: Append model conv2d_edge_linebuf_1_RAM_1WNR_AUTO_1R1W
INFO-FLOW: Found component conv2d_edge_gmem0_m_axi.
INFO-FLOW: Append model conv2d_edge_gmem0_m_axi
INFO-FLOW: Found component conv2d_edge_gmem1_m_axi.
INFO-FLOW: Append model conv2d_edge_gmem1_m_axi
INFO-FLOW: Found component conv2d_edge_control_s_axi.
INFO-FLOW: Append model conv2d_edge_control_s_axi
INFO-FLOW: Found component conv2d_edge_flow_control_loop_delay_pipe.
INFO-FLOW: Append model conv2d_edge_flow_control_loop_delay_pipe
INFO-FLOW: Append model conv2d_edge
INFO-FLOW: Generating RTL model list ...
INFO-FLOW: All models in this session: conv2d_edge_linebuf_RAM_AUTO_1R1W conv2d_edge_linebuf_1_RAM_1WNR_AUTO_1R1W conv2d_edge_gmem0_m_axi conv2d_edge_gmem1_m_axi conv2d_edge_control_s_axi conv2d_edge_flow_control_loop_delay_pipe conv2d_edge
INFO-FLOW: Generating C:/DevWorks/HAC/pynq_2DConvolution/solution1/.autopilot/db/autopilot.rtl.models.txt file...
INFO-FLOW: To file: write model conv2d_edge_linebuf_RAM_AUTO_1R1W
INFO-FLOW: To file: write model conv2d_edge_linebuf_1_RAM_1WNR_AUTO_1R1W
INFO-FLOW: To file: write model conv2d_edge_gmem0_m_axi
INFO-FLOW: To file: write model conv2d_edge_gmem1_m_axi
INFO-FLOW: To file: write model conv2d_edge_control_s_axi
INFO-FLOW: To file: write model conv2d_edge_flow_control_loop_delay_pipe
INFO-FLOW: To file: write model conv2d_edge
INFO-FLOW: Generating C:/DevWorks/HAC/pynq_2DConvolution/solution1/.autopilot/db/autopilot.rtl.models.tcl file...
INFO-FLOW: Finished generating RTL model list.


INFO-FLOW: RTL Generation done.
INFO-FLOW: CAS Generation done.
INFO-FLOW: CBC Generation done.
INFO-FLOW: DBG:PROC: ::AESL_AUTOMG::auto_generate_csynth_design
INFO-FLOW: DBG:PUTS: read_platform_lib C:/DevWorks/HAC/pynq_2DConvolution/solution1/.autopilot/db/global.setting.tcl
Execute       source C:/Xilinx/Vitis_HLS/2024.1/common/technology/generic/autopilot/common.gen 
Execute         source C:/Xilinx/Vitis_HLS/2024.1/common/technology/generic/autopilot/APCoreGen.gen 
Execute       source C:/Xilinx/Vitis_HLS/2024.1/common/technology/generic/autopilot/op.gen 
Execute       source C:/Xilinx/Vitis_HLS/2024.1/common/technology/generic/autopilot/op_simcore.gen 
Execute       source C:/Xilinx/Vitis_HLS/2024.1/common/technology/generic/autopilot/interface.gen 
Execute       source C:/DevWorks/HAC/pynq_2DConvolution/solution1/.autopilot/db/global.setting.tcl 
Execute       source C:/Xilinx/Vitis_HLS/2024.1/common/technology/xilinx/common/xilinx.gen 
Execute         source C:/Xilinx/Vitis_HLS/2024.1/common/technology/xilinx/interface/plb46.gen 
Execute         source C:/Xilinx/Vitis_HLS/2024.1/common/technology/xilinx/interface/axi4.gen 
Execute         source C:/Xilinx/Vitis_HLS/2024.1/common/technology/xilinx/interface/nativeAXI4.gen 
Execute           source C:/Xilinx/Vitis_HLS/2024.1/common/technology/xilinx/interface/saxilite.gen 
Execute         source C:/Xilinx/Vitis_HLS/2024.1/common/technology/xilinx/scripts/xilinxcoregen.gen 
Execute         source C:/Xilinx/Vitis_HLS/2024.1/common/technology/xilinx/interface/XilEDKCoreGen.gen 
Execute         source C:/Xilinx/Vitis_HLS/2024.1/common/technology/xilinx/ip/dds_compiler.gen 
Execute         source C:/Xilinx/Vitis_HLS/2024.1/common/technology/xilinx/ip/util.gen 
Execute         source C:/Xilinx/Vitis_HLS/2024.1/common/technology/xilinx/ip/xfft.gen 
Execute         source C:/Xilinx/Vitis_HLS/2024.1/common/technology/xilinx/ip/xfir.gen 
Execute         source C:/Xilinx/Vitis_HLS/2024.1/common/technology/xilinx/DSP48/dsp48.gen 
INFO-FLOW: DBG:PUTS:   using AESL_AUTOCG::g_clock_period=8.000 (was NA)
INFO-FLOW: DBG:PROC: ::AESL_AUTOMG::generate_ip_cores gen_sim_model='1' gen_fp_models='0' gen_for_export='0' dstSCDir='' dstVhdlDir='C:/DevWorks/HAC/pynq_2DConvolution/solution1/.autopilot/db/vhdl' dstVlogDir='C:/DevWorks/HAC/pynq_2DConvolution/solution1/.autopilot/db/vlog' tclDir='C:/DevWorks/HAC/pynq_2DConvolution/solution1/.autopilot/db' modelList='conv2d_edge_linebuf_RAM_AUTO_1R1W
conv2d_edge_linebuf_1_RAM_1WNR_AUTO_1R1W
conv2d_edge_gmem0_m_axi
conv2d_edge_gmem1_m_axi
conv2d_edge_control_s_axi
conv2d_edge_flow_control_loop_delay_pipe
conv2d_edge
' expOnly='0'
Execute       source C:/DevWorks/HAC/pynq_2DConvolution/solution1/.autopilot/db/global.setting.tcl 
Execute       ap_part_info -name xc7z020-clg400-1 -data names -quiet 
Execute       ap_part_info -name xc7z020-clg400-1 -data info -quiet 
Execute       source C:/DevWorks/HAC/pynq_2DConvolution/solution1/.autopilot/db/global.setting.tcl 
Execute       source C:/DevWorks/HAC/pynq_2DConvolution/solution1/.autopilot/db/global.setting.tcl 
Execute       source C:/DevWorks/HAC/pynq_2DConvolution/solution1/.autopilot/db/conv2d_edge.compgen.tcl 
Execute         source ./control.slave.tcl 
INFO: [HLS 200-111] Finished Generating all RTL models: CPU user time: 0 seconds. CPU system time: 0 seconds. Elapsed time: 0.66 seconds; current allocated memory: 218.070 MB.
INFO-FLOW: DBG:PROC: ::HLSREPORTS::create_csynth_xml bind_info_var='bind_info' RtlSubPrefix='conv2d_edge_' outfile=''
INFO-FLOW: Running: create_csynth_xml read xml data
INFO-FLOW: Done: create_csynth_xml read xml data time: 0 seconds per iteration
INFO-FLOW: Running: create_csynth_xml bind info
INFO-FLOW: Done: create_csynth_xml bind info time: 0 seconds per iteration
INFO-FLOW: Running: create_csynth_xml config info
INFO-FLOW: Done: create_csynth_xml config info time: 0.3 seconds per iteration
INFO-FLOW: Running: create_csynth_xml write xml
INFO-FLOW: Done: create_csynth_xml write xml time: 0 seconds per iteration
INFO-FLOW: DBG:PUTS:      create_csynth_xml wrote csynth_xml=C:/DevWorks/HAC/pynq_2DConvolution/solution1/syn/report/csynth.xml
INFO-FLOW: DBG:PROC: ::AP::DESIGN_DATA::generate_json generate_bd_files='0' generate_xo_files='0' modelList='conv2d_edge_linebuf_RAM_AUTO_1R1W
conv2d_edge_linebuf_1_RAM_1WNR_AUTO_1R1W
conv2d_edge_gmem0_m_axi
conv2d_edge_gmem1_m_axi
conv2d_edge_control_s_axi
conv2d_edge_flow_control_loop_delay_pipe
conv2d_edge
' rtl_lang='both' bootstrap_tcl='false' outdir='' outfilename=''
Execute       source C:/DevWorks/HAC/pynq_2DConvolution/solution1/.autopilot/db/global.setting.tcl 
Execute       source C:/DevWorks/HAC/pynq_2DConvolution/solution1/.autopilot/db/global.setting.tcl 
Execute       source C:/DevWorks/HAC/pynq_2DConvolution/solution1/.autopilot/db/top-io-be.tcl 
Execute       source C:/DevWorks/HAC/pynq_2DConvolution/solution1/.autopilot/db/conv2d_edge.tbgen.tcl 
Execute       source C:/DevWorks/HAC/pynq_2DConvolution/solution1/.autopilot/db/conv2d_edge.compgen.dataonly.tcl 
Execute       source C:/DevWorks/HAC/pynq_2DConvolution/solution1/.autopilot/db/conv2d_edge.compgen.dataonly.tcl 
Execute       source C:/DevWorks/HAC/pynq_2DConvolution/solution1/.autopilot/db/conv2d_edge.rtl_wrap.cfg.tcl 
Execute       source C:/DevWorks/HAC/pynq_2DConvolution/solution1/.autopilot/db/conv2d_edge.compgen.dataonly.tcl 
Execute       source C:/DevWorks/HAC/pynq_2DConvolution/solution1/.autopilot/db/conv2d_edge.tbgen.tcl 
Execute       source C:/DevWorks/HAC/pynq_2DConvolution/solution1/.autopilot/db/global.setting.tcl 
Execute       ap_part_info -name xc7z020-clg400-1 -data names -quiet 
Execute       ap_part_info -name xc7z020-clg400-1 -data info -quiet 
Execute       source C:/DevWorks/HAC/pynq_2DConvolution/solution1/.autopilot/db/conv2d_edge.constraint.tcl 
Execute       sc_get_clocks conv2d_edge 
Execute       source C:/DevWorks/HAC/pynq_2DConvolution/solution1/.autopilot/db/global.setting.tcl 
INFO-FLOW: DBG:PROC: ::HLSREPORTS::add_csynth_report_sections bind_info_dict='adapter_nodes {{BINDTYPE adapter ID {} IMPL {} LATENCY {} OPTYPE {} PRAGMA {} RTLNAME control_s_axi_U SOURCE {} VARIABLE {} LOOP {} BUNDLEDNAME control DSP 0 BRAM 0 URAM 0 STORAGESUBTYPE s_axilite STORAGESIZE {} STORAGEUSAGE interface DISPNAME {bind_adapter }} {BINDTYPE adapter ID {} IMPL {} LATENCY {} OPTYPE {} PRAGMA {} RTLNAME gmem0_m_axi_U SOURCE {} VARIABLE {} LOOP {} BUNDLEDNAME gmem0 DSP 0 BRAM 1 URAM 0 STORAGESUBTYPE m_axi STORAGESIZE {} STORAGEUSAGE interface DISPNAME {bind_adapter }} {BINDTYPE adapter ID {} IMPL {} LATENCY {} OPTYPE {} PRAGMA {} RTLNAME gmem1_m_axi_U SOURCE {} VARIABLE {} LOOP {} BUNDLEDNAME gmem1 DSP 0 BRAM 1 URAM 0 STORAGESUBTYPE m_axi STORAGESIZE {} STORAGEUSAGE interface DISPNAME {bind_adapter }}} cache_nodes {} report_dict {TOPINST conv2d_edge MODULE2INSTS {conv2d_edge conv2d_edge} INST2MODULE {conv2d_edge conv2d_edge} INSTDATA {conv2d_edge {DEPTH 1 CHILDREN {}}} MODULEDATA {conv2d_edge {BINDINFO {{BINDTYPE storage ID {} IMPL auto LATENCY 1 OPTYPE ram_s2p PRAGMA {} RTLNAME linebuf_U SOURCE pynq_2DConvolution/source/conv2d_edge.cpp:23 VARIABLE linebuf LOOP {} BUNDLEDNAME {} DSP 0 BRAM 1 URAM 0 STORAGESUBTYPE {} STORAGESIZE {8 256 1} STORAGEUSAGE {ram_s2p array} DISPNAME {bind_storage ram_s2p} VISIBLE true} {BINDTYPE storage ID {} IMPL auto LATENCY 1 OPTYPE rom_np PRAGMA {} RTLNAME linebuf_1_U SOURCE pynq_2DConvolution/source/conv2d_edge.cpp:23 VARIABLE linebuf_1 LOOP {} BUNDLEDNAME {} DSP 0 BRAM 2 URAM 0 STORAGESUBTYPE {} STORAGESIZE {8 256 1} STORAGEUSAGE {rom_np array} DISPNAME {bind_storage rom_np} VISIBLE true} {BINDTYPE storage ID {} IMPL auto LATENCY 1 OPTYPE rom_np PRAGMA {} RTLNAME linebuf_2_U SOURCE pynq_2DConvolution/source/conv2d_edge.cpp:23 VARIABLE linebuf_2 LOOP {} BUNDLEDNAME {} DSP 0 BRAM 2 URAM 0 STORAGESUBTYPE {} STORAGESIZE {8 256 1} STORAGEUSAGE {rom_np array} DISPNAME {bind_storage rom_np} VISIBLE true} {BINDTYPE op ID {} IMPL auto_sel LATENCY 0 OPTYPE select PRAGMA {} RTLNAME select_ln32_fu_344_p3 SOURCE pynq_2DConvolution/source/conv2d_edge.cpp:32 VARIABLE select_ln32 LOOP VITIS_LOOP_32_1_VITIS_LOOP_33_2 BUNDLEDNAME {} DSP 0 BRAM 0 URAM 0 STORAGESUBTYPE {} DISPNAME {bind_op select} VISIBLE false} {BINDTYPE op ID {} IMPL auto_sel LATENCY 0 OPTYPE select PRAGMA {} RTLNAME row_fu_352_p3 SOURCE pynq_2DConvolution/source/conv2d_edge.cpp:32 VARIABLE row LOOP VITIS_LOOP_32_1_VITIS_LOOP_33_2 BUNDLEDNAME {} DSP 0 BRAM 0 URAM 0 STORAGESUBTYPE {} DISPNAME {bind_op select} VISIBLE false} {BINDTYPE op ID {} IMPL auto LATENCY 0 OPTYPE setne PRAGMA {} RTLNAME icmp10_fu_370_p2 SOURCE pynq_2DConvolution/source/conv2d_edge.cpp:32 VARIABLE icmp10 LOOP VITIS_LOOP_32_1_VITIS_LOOP_33_2 BUNDLEDNAME {} DSP 0 BRAM 0 URAM 0 STORAGESUBTYPE {} DISPNAME {bind_op setne} VISIBLE false} {BINDTYPE op ID {} IMPL auto LATENCY 0 OPTYPE setne PRAGMA {} RTLNAME icmp_ln42_fu_396_p2 SOURCE pynq_2DConvolution/source/conv2d_edge.cpp:42 VARIABLE icmp_ln42 LOOP VITIS_LOOP_32_1_VITIS_LOOP_33_2 BUNDLEDNAME {} DSP 0 BRAM 0 URAM 0 STORAGESUBTYPE {} DISPNAME {bind_op setne} VISIBLE false} {BINDTYPE op ID {} IMPL auto LATENCY 0 OPTYPE and PRAGMA {} RTLNAME and_ln42_fu_402_p2 SOURCE pynq_2DConvolution/source/conv2d_edge.cpp:42 VARIABLE and_ln42 LOOP VITIS_LOOP_32_1_VITIS_LOOP_33_2 BUNDLEDNAME {} DSP 0 BRAM 0 URAM 0 STORAGESUBTYPE {} DISPNAME {bind_op and} VISIBLE false} {BINDTYPE op ID {} IMPL fabric LATENCY 0 OPTYPE add PRAGMA {} RTLNAME add_ln32_1_fu_309_p2 SOURCE pynq_2DConvolution/source/conv2d_edge.cpp:32 VARIABLE add_ln32_1 LOOP VITIS_LOOP_32_1_VITIS_LOOP_33_2 BUNDLEDNAME {} DSP 0 BRAM 0 URAM 0 STORAGESUBTYPE {} DISPNAME {bind_op add} VISIBLE true} {BINDTYPE op ID {} IMPL fabric LATENCY 0 OPTYPE add PRAGMA {} RTLNAME empty_20_fu_441_p2 SOURCE pynq_2DConvolution/source/conv2d_edge.cpp:33 VARIABLE empty_20 LOOP VITIS_LOOP_32_1_VITIS_LOOP_33_2 BUNDLEDNAME {} DSP 0 BRAM 0 URAM 0 STORAGESUBTYPE {} DISPNAME {bind_op add} VISIBLE true} {BINDTYPE op ID {} IMPL fabric LATENCY 0 OPTYPE add PRAGMA {} RTLNAME add_ln57_fu_457_p2 SOURCE pynq_2DConvolution/source/conv2d_edge.cpp:57 VARIABLE add_ln57 LOOP VITIS_LOOP_32_1_VITIS_LOOP_33_2 BUNDLEDNAME {} DSP 0 BRAM 0 URAM 0 STORAGESUBTYPE {} DISPNAME {bind_op add} VISIBLE true} {BINDTYPE op ID {} IMPL fabric LATENCY 0 OPTYPE add PRAGMA {} RTLNAME add_ln57_1_fu_469_p2 SOURCE pynq_2DConvolution/source/conv2d_edge.cpp:57 VARIABLE add_ln57_1 LOOP VITIS_LOOP_32_1_VITIS_LOOP_33_2 BUNDLEDNAME {} DSP 0 BRAM 0 URAM 0 STORAGESUBTYPE {} DISPNAME {bind_op add} VISIBLE true} {BINDTYPE op ID {} IMPL fabric LATENCY 0 OPTYPE add PRAGMA {} RTLNAME add_ln61_1_fu_493_p2 SOURCE pynq_2DConvolution/source/conv2d_edge.cpp:61 VARIABLE add_ln61_1 LOOP VITIS_LOOP_32_1_VITIS_LOOP_33_2 BUNDLEDNAME {} DSP 0 BRAM 0 URAM 0 STORAGESUBTYPE {} DISPNAME {bind_op add} VISIBLE true} {BINDTYPE op ID {} IMPL auto_sel LATENCY 0 OPTYPE select PRAGMA {} RTLNAME sum_1_fu_534_p3 SOURCE pynq_2DConvolution/source/conv2d_edge.cpp:63 VARIABLE sum_1 LOOP VITIS_LOOP_32_1_VITIS_LOOP_33_2 BUNDLEDNAME {} DSP 0 BRAM 0 URAM 0 STORAGESUBTYPE {} DISPNAME {bind_op select} VISIBLE false} {BINDTYPE op ID {} IMPL auto LATENCY 0 OPTYPE setne PRAGMA {} RTLNAME icmp_ln64_fu_551_p2 SOURCE pynq_2DConvolution/source/conv2d_edge.cpp:64 VARIABLE icmp_ln64 LOOP VITIS_LOOP_32_1_VITIS_LOOP_33_2 BUNDLEDNAME {} DSP 0 BRAM 0 URAM 0 STORAGESUBTYPE {} DISPNAME {bind_op setne} VISIBLE false} {BINDTYPE op ID {} IMPL auto_sel LATENCY 0 OPTYPE select PRAGMA {} RTLNAME select_ln66_fu_561_p3 SOURCE pynq_2DConvolution/source/conv2d_edge.cpp:66 VARIABLE select_ln66 LOOP VITIS_LOOP_32_1_VITIS_LOOP_33_2 BUNDLEDNAME {} DSP 0 BRAM 0 URAM 0 STORAGESUBTYPE {} DISPNAME {bind_op select} VISIBLE false} {BINDTYPE op ID {} IMPL fabric LATENCY 0 OPTYPE add PRAGMA {} RTLNAME col_fu_408_p2 SOURCE pynq_2DConvolution/source/conv2d_edge.cpp:33 VARIABLE col LOOP VITIS_LOOP_32_1_VITIS_LOOP_33_2 BUNDLEDNAME {} DSP 0 BRAM 0 URAM 0 STORAGESUBTYPE {} DISPNAME {bind_op add} VISIBLE true} {BINDTYPE op ID {} IMPL auto LATENCY 0 OPTYPE seteq PRAGMA {} RTLNAME icmp_ln33_fu_414_p2 SOURCE pynq_2DConvolution/source/conv2d_edge.cpp:33 VARIABLE icmp_ln33 LOOP VITIS_LOOP_32_1_VITIS_LOOP_33_2 BUNDLEDNAME {} DSP 0 BRAM 0 URAM 0 STORAGESUBTYPE {} DISPNAME {bind_op seteq} VISIBLE false} {BINDTYPE op ID {} IMPL fabric LATENCY 0 OPTYPE add PRAGMA {} RTLNAME add_ln32_fu_420_p2 SOURCE pynq_2DConvolution/source/conv2d_edge.cpp:32 VARIABLE add_ln32 LOOP VITIS_LOOP_32_1_VITIS_LOOP_33_2 BUNDLEDNAME {} DSP 0 BRAM 0 URAM 0 STORAGESUBTYPE {} DISPNAME {bind_op add} VISIBLE true} {BINDTYPE op ID {} IMPL auto LATENCY 0 OPTYPE seteq PRAGMA {} RTLNAME icmp_ln32_fu_318_p2 SOURCE pynq_2DConvolution/source/conv2d_edge.cpp:32 VARIABLE icmp_ln32 LOOP VITIS_LOOP_32_1_VITIS_LOOP_33_2 BUNDLEDNAME {} DSP 0 BRAM 0 URAM 0 STORAGESUBTYPE {} DISPNAME {bind_op seteq} VISIBLE false}} AREA {DSP 0 BRAM 7 URAM 0}}}}'
INFO-FLOW: DBG:PUTS:      update_csynth_reports json2rpt_hw_sw_interfaces
Execute       send_msg_by_id INFO @200-1603@%s  and missed bursts 
INFO: [HLS 200-1603] Design has inferred MAXI bursts and missed bursts, see Vitis HLS GUI synthesis summary report for detailed information.
INFO-FLOW: Running: gen_csynth_sec_pragma
INFO-FLOW: Done: gen_csynth_sec_pragma time: 0 seconds per iteration
INFO-FLOW: DBG:PUTS:      update_csynth_reports wrote xml
INFO-FLOW: DBG:PUTS:      update_csynth_reports appended to csynth rpt file
INFO: [HLS 200-111] Finished Updating report files: CPU user time: 0 seconds. CPU system time: 0 seconds. Elapsed time: 1.035 seconds; current allocated memory: 226.500 MB.
INFO: [VHDL 208-304] Generating VHDL RTL for conv2d_edge.
INFO: [VLOG 209-307] Generating Verilog RTL for conv2d_edge.
Execute       syn_report -model conv2d_edge -printsummary 
INFO: [HLS 200-790] **** Loop Constraint Status: All loop constraints were satisfied.
INFO: [HLS 200-789] **** Estimated Fmax: 171.23 MHz
Command     autosyn done; 2.418 sec.
Command   csynth_design done; 18.673 sec.
INFO: [HLS 200-2161] Finished Command csynth_design Elapsed time: 00:00:18; Allocated memory: 49.301 MB.
Command ap_source done; 19.803 sec.
Execute cleanup_all 
INFO-FLOW: Workspace C:/DevWorks/HAC/pynq_2DConvolution/solution1 opened at Mon May 12 14:01:26 +0200 2025
Execute     ap_set_clock -name default -period 8 -unit ns -default=false 
INFO: [SYN 201-201] Setting up clock 'default' with a period of 8ns.
Execute     set_part xc7z020clg400-1 
Execute       create_platform xc7z020clg400-1 -board  
DBG:HLSDevice: Trying to load device library: C:/Xilinx/Vitis_HLS/2024.1\lib\win64.o\xv_hlsvwrap.dll
DBG:HLSDevice: first parts/arch.xml in RDI_DATADIR: C:/Xilinx/Vivado/2024.1/data/parts/arch.xml
DBG:HLSDevice: init success
INFO: [HLS 200-1611] Setting target device to 'xc7z020-clg400-1'
Command       create_platform done; 0.554 sec.
Execute       source C:/Xilinx/Vitis_HLS/2024.1/common/technology/xilinx/common/xilinx.gen 
Execute         source C:/Xilinx/Vitis_HLS/2024.1/common/technology/xilinx/interface/plb46.gen 
Execute         source C:/Xilinx/Vitis_HLS/2024.1/common/technology/xilinx/interface/axi4.gen 
Execute         source C:/Xilinx/Vitis_HLS/2024.1/common/technology/xilinx/interface/nativeAXI4.gen 
Execute           source C:/Xilinx/Vitis_HLS/2024.1/common/technology/xilinx/interface/saxilite.gen 
Execute         source C:/Xilinx/Vitis_HLS/2024.1/common/technology/xilinx/scripts/xilinxcoregen.gen 
Execute         source C:/Xilinx/Vitis_HLS/2024.1/common/technology/xilinx/interface/XilEDKCoreGen.gen 
Execute         source C:/Xilinx/Vitis_HLS/2024.1/common/technology/xilinx/ip/dds_compiler.gen 
Execute         source C:/Xilinx/Vitis_HLS/2024.1/common/technology/xilinx/ip/util.gen 
Execute         source C:/Xilinx/Vitis_HLS/2024.1/common/technology/xilinx/ip/xfft.gen 
Execute         source C:/Xilinx/Vitis_HLS/2024.1/common/technology/xilinx/ip/xfir.gen 
Execute         source C:/Xilinx/Vitis_HLS/2024.1/common/technology/xilinx/DSP48/dsp48.gen 
Execute       ap_part_info -name xc7z020-clg400-1 -data info 
Execute       config_compile -quiet -complex-mul-dsp=0 
Command     set_part done; 0.651 sec.
Execute     send_msg_by_id INFO @200-1505@%s%s  vivado 
INFO: [HLS 200-1505] Using flow_target 'vivado'
Execute     send_msg_by_id INFO @200-1464@%s config_export -display_name=convolution2d_edge 
INFO: [HLS 200-1464] Running solution command: config_export -display_name=convolution2d_edge
Execute     config_export -display_name=convolution2d_edge 
Execute     send_msg_by_id INFO @200-1464@%s config_export -format=ip_catalog 
INFO: [HLS 200-1464] Running solution command: config_export -format=ip_catalog
Execute     config_export -format=ip_catalog 
Execute     send_msg_by_id INFO @200-1464@%s config_export -output=C:/DevWorks/HAC/pynq_2DConvolution/ip_repo 
INFO: [HLS 200-1464] Running solution command: config_export -output=C:/DevWorks/HAC/pynq_2DConvolution/ip_repo
Execute     config_export -output=C:/DevWorks/HAC/pynq_2DConvolution/ip_repo 
Execute     send_msg_by_id INFO @200-1464@%s config_export -rtl=verilog 
INFO: [HLS 200-1464] Running solution command: config_export -rtl=verilog
Execute     config_export -rtl=verilog 
Command   open_solution done; 0.702 sec.
Execute   set_part xc7z020clg400-1 
INFO: [HLS 200-1510] Running: set_part xc7z020clg400-1 
Execute     create_platform xc7z020clg400-1 -board  
Command     create_platform done; 0.15 sec.
Execute     source C:/Xilinx/Vitis_HLS/2024.1/common/technology/xilinx/common/xilinx.gen 
Execute       source C:/Xilinx/Vitis_HLS/2024.1/common/technology/xilinx/interface/plb46.gen 
Execute       source C:/Xilinx/Vitis_HLS/2024.1/common/technology/xilinx/interface/axi4.gen 
Execute       source C:/Xilinx/Vitis_HLS/2024.1/common/technology/xilinx/interface/nativeAXI4.gen 
Execute         source C:/Xilinx/Vitis_HLS/2024.1/common/technology/xilinx/interface/saxilite.gen 
Execute       source C:/Xilinx/Vitis_HLS/2024.1/common/technology/xilinx/scripts/xilinxcoregen.gen 
Execute       source C:/Xilinx/Vitis_HLS/2024.1/common/technology/xilinx/interface/XilEDKCoreGen.gen 
Execute       source C:/Xilinx/Vitis_HLS/2024.1/common/technology/xilinx/ip/dds_compiler.gen 
Execute       source C:/Xilinx/Vitis_HLS/2024.1/common/technology/xilinx/ip/util.gen 
Execute       source C:/Xilinx/Vitis_HLS/2024.1/common/technology/xilinx/ip/xfft.gen 
Execute       source C:/Xilinx/Vitis_HLS/2024.1/common/technology/xilinx/ip/xfir.gen 
Execute       source C:/Xilinx/Vitis_HLS/2024.1/common/technology/xilinx/DSP48/dsp48.gen 
Execute     ap_part_info -name xc7z020-clg400-1 -data info 
Execute     config_compile -quiet -complex-mul-dsp=0 
Command   set_part done; 0.241 sec.
Execute   create_clock -period 8 -name default 
INFO: [HLS 200-1510] Running: create_clock -period 8 -name default 
Execute     ap_set_clock -name default -period 8 -unit ns -default=false 
INFO: [SYN 201-201] Setting up clock 'default' with a period of 8ns.
Execute   config_export -display_name convolution2d_edge -format ip_catalog -output C:/DevWorks/HAC/pynq_2DConvolution/ip_repo -rtl verilog 
INFO: [HLS 200-1510] Running: config_export -display_name convolution2d_edge -format ip_catalog -output C:/DevWorks/HAC/pynq_2DConvolution/ip_repo -rtl verilog 
Execute   source ./pynq_2DConvolution/solution1/directives.tcl 
INFO: [HLS 200-1510] Running: source ./pynq_2DConvolution/solution1/directives.tcl
Execute     set_directive_top -name conv2d_edge conv2d_edge 
INFO: [HLS 200-1510] Running: set_directive_top -name conv2d_edge conv2d_edge 
WARNING: [HLS 200-484] The 'set_directive_top -name' command is deprecated and will be removed in a future release.
WARNING: [HLS 200-484] The 'set_directive_top -location' command is deprecated and will be removed in a future release.
Execute   export_design -rtl verilog -format ip_catalog -output C:/DevWorks/HAC/pynq_2DConvolution/ip_repo 
INFO: [HLS 200-1510] Running: export_design -rtl verilog -format ip_catalog -output C:/DevWorks/HAC/pynq_2DConvolution/ip_repo 
Execute     config_export -format=ip_catalog -output=C:/DevWorks/HAC/pynq_2DConvolution/ip_repo -rtl=verilog 
INFO-FLOW: DBG:PUTS: export_design_wrap: -format ip_catalog -rtl verilog -display_name convolution2d_edge
Execute     source C:/DevWorks/HAC/pynq_2DConvolution/solution1/.autopilot/db/global.setting.tcl 
INFO-FLOW: DBG:PUTS:   auto_impl: pack: -export -rtl verilog
INFO-FLOW: DBG:PROC: ::AESL_AUTOIMPL::auto_impl args='-export -rtl verilog'
Execute     source C:/DevWorks/HAC/pynq_2DConvolution/solution1/.autopilot/db/global.setting.tcl 
INFO: [IMPL 213-8] Exporting RTL as a Vivado IP.
INFO-FLOW: DBG:PUTS: automg_wrap -export -pcore_version 1.00.a -rtl vlog -tool Vivado -impltomg_flag
INFO-FLOW: DBG:PROC: ::AESL_AUTOMG::auto_generate args='-export -pcore_version 1.00.a -rtl vlog -tool Vivado -impltomg_flag'
INFO-FLOW: DBG:PUTS:     auto_generate -export -pcore_version 1.00.a -rtl vlog -tool Vivado -impltomg_flag
Execute     source C:/DevWorks/HAC/pynq_2DConvolution/solution1/.autopilot/db/global.setting.tcl 
INFO-FLOW: DBG:PUTS: read_platform_lib C:/DevWorks/HAC/pynq_2DConvolution/solution1/.autopilot/db/global.setting.tcl
Execute     source C:/Xilinx/Vitis_HLS/2024.1/common/technology/generic/autopilot/common.gen 
Execute       source C:/Xilinx/Vitis_HLS/2024.1/common/technology/generic/autopilot/APCoreGen.gen 
Execute     source C:/Xilinx/Vitis_HLS/2024.1/common/technology/generic/autopilot/op.gen 
Execute     source C:/Xilinx/Vitis_HLS/2024.1/common/technology/generic/autopilot/op_simcore.gen 
Execute     source C:/Xilinx/Vitis_HLS/2024.1/common/technology/generic/autopilot/interface.gen 
Execute     source C:/DevWorks/HAC/pynq_2DConvolution/solution1/.autopilot/db/global.setting.tcl 
Execute     source C:/Xilinx/Vitis_HLS/2024.1/common/technology/xilinx/common/xilinx.gen 
Execute       source C:/Xilinx/Vitis_HLS/2024.1/common/technology/xilinx/interface/plb46.gen 
Execute       source C:/Xilinx/Vitis_HLS/2024.1/common/technology/xilinx/interface/axi4.gen 
Execute       source C:/Xilinx/Vitis_HLS/2024.1/common/technology/xilinx/interface/nativeAXI4.gen 
Execute         source C:/Xilinx/Vitis_HLS/2024.1/common/technology/xilinx/interface/saxilite.gen 
Execute       source C:/Xilinx/Vitis_HLS/2024.1/common/technology/xilinx/scripts/xilinxcoregen.gen 
Execute       source C:/Xilinx/Vitis_HLS/2024.1/common/technology/xilinx/interface/XilEDKCoreGen.gen 
Execute       source C:/Xilinx/Vitis_HLS/2024.1/common/technology/xilinx/ip/dds_compiler.gen 
Execute       source C:/Xilinx/Vitis_HLS/2024.1/common/technology/xilinx/ip/util.gen 
Execute       source C:/Xilinx/Vitis_HLS/2024.1/common/technology/xilinx/ip/xfft.gen 
Execute       source C:/Xilinx/Vitis_HLS/2024.1/common/technology/xilinx/ip/xfir.gen 
Execute       source C:/Xilinx/Vitis_HLS/2024.1/common/technology/xilinx/DSP48/dsp48.gen 
INFO-FLOW: DBG:PUTS:   using AESL_AUTOCG::g_clock_period=8.000 (was NA)
INFO-FLOW: DBG:PUTS:       initCTypeInfo top_module=conv2d_edge xml_exists=0
Execute     source C:/DevWorks/HAC/pynq_2DConvolution/solution1/.autopilot/db/conv2d_edge.rtl_wrap.cfg.tcl 
Execute     source C:/DevWorks/HAC/pynq_2DConvolution/solution1/.autopilot/db/conv2d_edge.rtl_wrap.cfg.tcl 
Execute     source C:/DevWorks/HAC/pynq_2DConvolution/solution1/.autopilot/db/conv2d_edge.rtl_wrap.cfg.tcl 
Execute     source C:/DevWorks/HAC/pynq_2DConvolution/solution1/.autopilot/db/conv2d_edge.tbgen.tcl 
Execute     source C:/DevWorks/HAC/pynq_2DConvolution/solution1/.autopilot/db/conv2d_edge.tbgen.tcl 
Execute     source C:/DevWorks/HAC/pynq_2DConvolution/solution1/.autopilot/db/conv2d_edge.tbgen.tcl 
Execute     source C:/DevWorks/HAC/pynq_2DConvolution/solution1/.autopilot/db/global.setting.tcl 
Execute     source C:/DevWorks/HAC/pynq_2DConvolution/solution1/.autopilot/db/conv2d_edge.tbgen.tcl 
INFO-FLOW: DBG:PUTS:       cosim_export_main adding deadlock detection to conv2d_edge
INFO-FLOW: DBG:PUTS:       generate_datafile_ip_script ip_types={vitis sysgen} #gSsdmPorts=0
INFO-FLOW: DBG:PUTS: Skipping loadAnalyze_DB, #g_database=4
INFO-FLOW: DBG:PUTS:       generate_json generate_bd_files=0 generate_xo_files=false #modelList=7 #gSsdmPorts=0
INFO-FLOW: DBG:PROC: ::AP::DESIGN_DATA::generate_json generate_bd_files='0' generate_xo_files='false' modelList='conv2d_edge_linebuf_RAM_AUTO_1R1W
conv2d_edge_linebuf_1_RAM_1WNR_AUTO_1R1W
conv2d_edge_gmem0_m_axi
conv2d_edge_gmem1_m_axi
conv2d_edge_control_s_axi
conv2d_edge_flow_control_loop_delay_pipe
conv2d_edge
' rtl_lang='vlog' bootstrap_tcl='false' outdir='' outfilename=''
Execute     source C:/Xilinx/Vitis_HLS/2024.1/tps/tcl/tcllib1.11.1/yaml/huddle.tcl 
Execute     source C:/Xilinx/Vitis_HLS/2024.1/tps/tcl/tcllib1.11.1/yaml/json2huddle.tcl 
Execute       source C:/Xilinx/Vitis_HLS/2024.1/tps/tcl/tcllib1.11.1/try/try.tcl 
Execute     source C:/DevWorks/HAC/pynq_2DConvolution/solution1/.autopilot/db/global.setting.tcl 
Execute     source C:/DevWorks/HAC/pynq_2DConvolution/solution1/.autopilot/db/global.setting.tcl 
Execute     source C:/DevWorks/HAC/pynq_2DConvolution/solution1/.autopilot/db/top-io-be.tcl 
Execute     source C:/DevWorks/HAC/pynq_2DConvolution/solution1/.autopilot/db/conv2d_edge.tbgen.tcl 
Execute     source C:/DevWorks/HAC/pynq_2DConvolution/solution1/.autopilot/db/conv2d_edge.compgen.dataonly.tcl 
Execute     source C:/DevWorks/HAC/pynq_2DConvolution/solution1/.autopilot/db/conv2d_edge.compgen.dataonly.tcl 
Execute     source C:/DevWorks/HAC/pynq_2DConvolution/solution1/.autopilot/db/conv2d_edge.rtl_wrap.cfg.tcl 
Execute     source C:/DevWorks/HAC/pynq_2DConvolution/solution1/.autopilot/db/conv2d_edge.compgen.dataonly.tcl 
Execute     source C:/DevWorks/HAC/pynq_2DConvolution/solution1/.autopilot/db/conv2d_edge.tbgen.tcl 
Execute     source C:/DevWorks/HAC/pynq_2DConvolution/solution1/.autopilot/db/global.setting.tcl 
Execute     ap_part_info -name xc7z020-clg400-1 -data names -quiet 
Execute     ap_part_info -name xc7z020-clg400-1 -data info -quiet 
Execute     source C:/DevWorks/HAC/pynq_2DConvolution/solution1/.autopilot/db/conv2d_edge.constraint.tcl 
Execute     sc_get_clocks conv2d_edge 
Execute     source C:/DevWorks/HAC/pynq_2DConvolution/solution1/.autopilot/db/global.setting.tcl 
INFO-FLOW: DBG:PUTS:       generate_syn_sh
Execute     ap_part_info -name xc7z020-clg400-1 -data names -quiet 
Execute     ap_part_info -name xc7z020-clg400-1 -data info -quiet 
Execute     source C:/DevWorks/HAC/pynq_2DConvolution/solution1/.autopilot/db/global.setting.tcl 
INFO-FLOW: DBG:PUTS:       generate_imp_constraints
Execute     ap_part_info -name xc7z020-clg400-1 -data names -quiet 
Execute     ap_part_info -name xc7z020-clg400-1 -data info -quiet 
Execute     source C:/DevWorks/HAC/pynq_2DConvolution/solution1/.autopilot/db/conv2d_edge.constraint.tcl 
Execute     source C:/DevWorks/HAC/pynq_2DConvolution/solution1/.autopilot/db/conv2d_edge.tbgen.tcl 
INFO-FLOW: DBG:PUTS:       delete-temp-dirs (skipped for debug)
Execute     ap_part_info -name xc7z020-clg400-1 -data names -quiet 
Execute     ap_part_info -name xc7z020-clg400-1 -data info -quiet 
INFO-FLOW: DBG:PUTS: read_platform_lib C:/DevWorks/HAC/pynq_2DConvolution/solution1/.autopilot/db/global.setting.tcl
Execute     source C:/Xilinx/Vitis_HLS/2024.1/common/technology/generic/autopilot/common.gen 
Execute       source C:/Xilinx/Vitis_HLS/2024.1/common/technology/generic/autopilot/APCoreGen.gen 
Execute     source C:/Xilinx/Vitis_HLS/2024.1/common/technology/generic/autopilot/op.gen 
Execute     source C:/Xilinx/Vitis_HLS/2024.1/common/technology/generic/autopilot/op_simcore.gen 
Execute     source C:/Xilinx/Vitis_HLS/2024.1/common/technology/generic/autopilot/interface.gen 
Execute     source C:/DevWorks/HAC/pynq_2DConvolution/solution1/.autopilot/db/global.setting.tcl 
Execute     source C:/Xilinx/Vitis_HLS/2024.1/common/technology/xilinx/common/xilinx.gen 
Execute       source C:/Xilinx/Vitis_HLS/2024.1/common/technology/xilinx/interface/plb46.gen 
Execute       source C:/Xilinx/Vitis_HLS/2024.1/common/technology/xilinx/interface/axi4.gen 
Execute       source C:/Xilinx/Vitis_HLS/2024.1/common/technology/xilinx/interface/nativeAXI4.gen 
Execute         source C:/Xilinx/Vitis_HLS/2024.1/common/technology/xilinx/interface/saxilite.gen 
Execute       source C:/Xilinx/Vitis_HLS/2024.1/common/technology/xilinx/scripts/xilinxcoregen.gen 
Execute       source C:/Xilinx/Vitis_HLS/2024.1/common/technology/xilinx/interface/XilEDKCoreGen.gen 
Execute       source C:/Xilinx/Vitis_HLS/2024.1/common/technology/xilinx/ip/dds_compiler.gen 
Execute       source C:/Xilinx/Vitis_HLS/2024.1/common/technology/xilinx/ip/util.gen 
Execute       source C:/Xilinx/Vitis_HLS/2024.1/common/technology/xilinx/ip/xfft.gen 
Execute       source C:/Xilinx/Vitis_HLS/2024.1/common/technology/xilinx/ip/xfir.gen 
Execute       source C:/Xilinx/Vitis_HLS/2024.1/common/technology/xilinx/DSP48/dsp48.gen 
INFO-FLOW: DBG:PUTS:     IP package: exec C:/DevWorks/HAC/pynq_2DConvolution/solution1/impl/ip/pack.bat
INFO-FLOW: DBG:PUTS:     IP package: success C:/DevWorks/HAC/pynq_2DConvolution/solution1/impl/ip/pack.bat
Execute     send_msg_by_id INFO @200-802@%s pynq_2DConvolution/ip_repo/export.zip 
INFO: [HLS 200-802] Generated output file pynq_2DConvolution/ip_repo/export.zip
Command   export_design done; 24.756 sec.
INFO: [HLS 200-2161] Finished Command export_design Elapsed time: 00:00:24; Allocated memory: 6.699 MB.
Command ap_source done; 25.772 sec.
Execute cleanup_all 
INFO-FLOW: Workspace C:/DevWorks/HAC/pynq_2DConvolution/solution1 opened at Thu May 15 21:26:07 +0200 2025
Execute     ap_set_clock -name default -period 8 -unit ns -default=false 
INFO: [SYN 201-201] Setting up clock 'default' with a period of 8ns.
Execute     set_part xc7z020-clg400-1 
Execute       create_platform xc7z020-clg400-1 -board  
DBG:HLSDevice: Trying to load device library: C:/Xilinx/Vitis_HLS/2024.1\lib\win64.o\xv_hlsvwrap.dll
DBG:HLSDevice: first parts/arch.xml in RDI_DATADIR: C:/Xilinx/Vivado/2024.1/data/parts/arch.xml
DBG:HLSDevice: init success
INFO: [HLS 200-1611] Setting target device to 'xc7z020-clg400-1'
Command       create_platform done; 1.141 sec.
Execute       source C:/Xilinx/Vitis_HLS/2024.1/common/technology/xilinx/common/xilinx.gen 
Execute         source C:/Xilinx/Vitis_HLS/2024.1/common/technology/xilinx/interface/plb46.gen 
Execute         source C:/Xilinx/Vitis_HLS/2024.1/common/technology/xilinx/interface/axi4.gen 
Execute         source C:/Xilinx/Vitis_HLS/2024.1/common/technology/xilinx/interface/nativeAXI4.gen 
Execute           source C:/Xilinx/Vitis_HLS/2024.1/common/technology/xilinx/interface/saxilite.gen 
Execute         source C:/Xilinx/Vitis_HLS/2024.1/common/technology/xilinx/scripts/xilinxcoregen.gen 
Execute         source C:/Xilinx/Vitis_HLS/2024.1/common/technology/xilinx/interface/XilEDKCoreGen.gen 
Execute         source C:/Xilinx/Vitis_HLS/2024.1/common/technology/xilinx/ip/dds_compiler.gen 
Execute         source C:/Xilinx/Vitis_HLS/2024.1/common/technology/xilinx/ip/util.gen 
Execute         source C:/Xilinx/Vitis_HLS/2024.1/common/technology/xilinx/ip/xfft.gen 
Command         ap_source done; 0.108 sec.
Execute         source C:/Xilinx/Vitis_HLS/2024.1/common/technology/xilinx/ip/xfir.gen 
Execute         source C:/Xilinx/Vitis_HLS/2024.1/common/technology/xilinx/DSP48/dsp48.gen 
Command       ap_source done; 0.413 sec.
Execute       ap_part_info -name xc7z020-clg400-1 -data info 
Execute       config_compile -quiet -complex-mul-dsp=0 
Command     set_part done; 1.588 sec.
Execute     send_msg_by_id INFO @200-1505@%s%s  vivado 
INFO: [HLS 200-1505] Using flow_target 'vivado'
Execute     send_msg_by_id INFO @200-1464@%s config_export -display_name=convolution2d_edge 
INFO: [HLS 200-1464] Running solution command: config_export -display_name=convolution2d_edge
Execute     config_export -display_name=convolution2d_edge 
Execute     send_msg_by_id INFO @200-1464@%s config_export -format=ip_catalog 
INFO: [HLS 200-1464] Running solution command: config_export -format=ip_catalog
Execute     config_export -format=ip_catalog 
Execute     send_msg_by_id INFO @200-1464@%s config_export -output=C:/DevWorks/HAC/pynq_2DConvolution/ip_repo 
INFO: [HLS 200-1464] Running solution command: config_export -output=C:/DevWorks/HAC/pynq_2DConvolution/ip_repo
Execute     config_export -output=C:/DevWorks/HAC/pynq_2DConvolution/ip_repo 
Execute     send_msg_by_id INFO @200-1464@%s config_export -rtl=verilog 
INFO: [HLS 200-1464] Running solution command: config_export -rtl=verilog
Execute     config_export -rtl=verilog 
Command   open_solution done; 1.728 sec.
Execute   set_part xc7z020-clg400-1 
INFO: [HLS 200-1510] Running: set_part xc7z020-clg400-1 
Execute     create_platform xc7z020-clg400-1 -board  
Command     create_platform done; 0.258 sec.
Execute     source C:/Xilinx/Vitis_HLS/2024.1/common/technology/xilinx/common/xilinx.gen 
Execute       source C:/Xilinx/Vitis_HLS/2024.1/common/technology/xilinx/interface/plb46.gen 
Execute       source C:/Xilinx/Vitis_HLS/2024.1/common/technology/xilinx/interface/axi4.gen 
Execute       source C:/Xilinx/Vitis_HLS/2024.1/common/technology/xilinx/interface/nativeAXI4.gen 
Execute         source C:/Xilinx/Vitis_HLS/2024.1/common/technology/xilinx/interface/saxilite.gen 
Execute       source C:/Xilinx/Vitis_HLS/2024.1/common/technology/xilinx/scripts/xilinxcoregen.gen 
Execute       source C:/Xilinx/Vitis_HLS/2024.1/common/technology/xilinx/interface/XilEDKCoreGen.gen 
Execute       source C:/Xilinx/Vitis_HLS/2024.1/common/technology/xilinx/ip/dds_compiler.gen 
Execute       source C:/Xilinx/Vitis_HLS/2024.1/common/technology/xilinx/ip/util.gen 
Execute       source C:/Xilinx/Vitis_HLS/2024.1/common/technology/xilinx/ip/xfft.gen 
Execute       source C:/Xilinx/Vitis_HLS/2024.1/common/technology/xilinx/ip/xfir.gen 
Execute       source C:/Xilinx/Vitis_HLS/2024.1/common/technology/xilinx/DSP48/dsp48.gen 
Command     ap_source done; 0.133 sec.
Execute     ap_part_info -name xc7z020-clg400-1 -data info 
Execute     config_compile -quiet -complex-mul-dsp=0 
Command   set_part done; 0.425 sec.
Execute   create_clock -period 8 -name default 
INFO: [HLS 200-1510] Running: create_clock -period 8 -name default 
Execute   config_export -display_name convolution2d_edge -format ip_catalog -output C:/DevWorks/HAC/pynq_2DConvolution/ip_repo -rtl verilog 
INFO: [HLS 200-1510] Running: config_export -display_name convolution2d_edge -format ip_catalog -output C:/DevWorks/HAC/pynq_2DConvolution/ip_repo -rtl verilog 
Execute   source ./pynq_2DConvolution/solution1/directives.tcl 
INFO: [HLS 200-1510] Running: source ./pynq_2DConvolution/solution1/directives.tcl
Execute     set_directive_top -name conv2d_edge conv2d_edge 
INFO: [HLS 200-1510] Running: set_directive_top -name conv2d_edge conv2d_edge 
WARNING: [HLS 200-484] The 'set_directive_top -name' command is deprecated and will be removed in a future release.
WARNING: [HLS 200-484] The 'set_directive_top -location' command is deprecated and will be removed in a future release.
Execute   csim_design -clean -quiet 
INFO: [HLS 200-1510] Running: csim_design -clean -quiet 
INFO-FLOW: Running SLX 'csim' proc: ::SLX::run_csim
Execute     source C:/DevWorks/HAC/pynq_2DConvolution/solution1/.autopilot/db/global.setting.tcl 
INFO: [SIM 211-2] *************** CSIM start ***************
INFO: [SIM 211-4] CSIM will launch CLANG as the compiler.
Execute     source csim/.lst_opt.tcl 
Execute     send_msg_by_id INFO @200-2036@%s debug 
INFO: [HLS 200-2036] Building debug C Simulation binaries
Execute     source C:/Xilinx/Vitis_HLS/2024.1/tps/tcl/tcllib1.11.1/yaml/huddle.tcl 
Execute     source C:/Xilinx/Vitis_HLS/2024.1/tps/tcl/tcllib1.11.1/yaml/json2huddle.tcl 
Execute       source C:/Xilinx/Vitis_HLS/2024.1/tps/tcl/tcllib1.11.1/try/try.tcl 
Execute     ap_part_info -name xc7z020-clg400-1 -data info 
Execute     source run_sim.tcl 
Command     ap_source done; 0.414 sec.
INFO: [SIM 211-1] CSim done with 0 errors.
INFO: [SIM 211-3] *************** CSIM finish ***************
Command   csim_design done; 12.074 sec.
INFO: [HLS 200-2161] Finished Command csim_design Elapsed time: 00:00:12; Allocated memory: 0.555 MB.
Command ap_source done; 14.474 sec.
Execute cleanup_all 
