INFO: [SIM 2] *************** CSIM start ***************
INFO: [SIM 4] CSIM will launch CLANG as the compiler.
   Compiling ../../../source/conv2d_edge_tb.cpp in debug mode
   Compiling ../../../source/conv2d_edge.cpp in debug mode
   Generating csim.exe
Image loaded: 256x256
Output check (center 10x10):
192 0 0 0 0 0 0 0 0 48 
255 0 0 0 0 0 0 0 24 24 
255 255 0 0 0 0 0 0 64 0 
255 255 0 0 0 0 0 0 104 0 
255 255 255 0 0 0 0 0 88 0 
255 255 255 0 0 0 16 40 72 0 
0 255 255 255 0 0 8 104 48 0 
0 255 255 255 0 0 0 160 8 0 
0 248 255 255 136 0 0 136 0 56 
0 0 255 255 255 0 32 40 0 255 
Output image saved as output.png
INFO: [SIM 1] CSim done with 0 errors.
INFO: [SIM 3] *************** CSIM finish ***************
